[0.366s] DEBUG:colcon:Command line arguments: ['/usr/local/bin/colcon', 'build']
[0.366s] DEBUG:colcon:Parsed command line arguments: Namespace(ament_cmake_args=None, base_paths=['.'], build_base='build', catkin_cmake_args=None, catkin_skip_building_tests=False, cmake_args=None, cmake_clean_cache=False, cmake_clean_first=False, cmake_force_configure=False, cmake_target=None, cmake_target_skip_unavailable=False, continue_on_error=False, event_handlers=None, executor='parallel', ignore_user_meta=False, install_base='install', log_base=None, log_level=None, main=<bound method BuildVerb.main of <colcon_core.verb.build.BuildVerb object at 0x7f84bd2418b0>>, merge_install=False, metas=['./colcon.meta'], packages_above=None, packages_above_and_dependencies=None, packages_above_depth=None, packages_end=None, packages_ignore=None, packages_ignore_regex=None, packages_select=None, packages_select_build_failed=False, packages_select_by_dep=None, packages_select_regex=None, packages_select_test_failures=False, packages_skip=None, packages_skip_build_finished=False, packages_skip_by_dep=None, packages_skip_regex=None, packages_skip_test_passed=False, packages_skip_up_to=None, packages_start=None, packages_up_to=None, packages_up_to_regex=None, parallel_workers=8, paths=None, symlink_install=False, test_result_base=None, verb_extension=<colcon_core.verb.build.BuildVerb object at 0x7f84bd2418b0>, verb_name='build', verb_parser=<colcon_defaults.argument_parser.defaults.DefaultArgumentsDecorator object at 0x7f84bd1fea60>)
[0.548s] Level 1:colcon.colcon_core.package_discovery:discover_packages(colcon_meta) check parameters
[0.548s] Level 1:colcon.colcon_core.package_discovery:discover_packages(recursive) check parameters
[0.548s] Level 1:colcon.colcon_core.package_discovery:discover_packages(ignore) check parameters
[0.548s] Level 1:colcon.colcon_core.package_discovery:discover_packages(path) check parameters
[0.548s] Level 1:colcon.colcon_core.package_discovery:discover_packages(colcon_meta) discover
[0.548s] Level 1:colcon.colcon_core.package_discovery:discover_packages(recursive) discover
[0.548s] INFO:colcon.colcon_core.package_discovery:Crawling recursively for packages in '/root/Image_transport'
[0.549s] Level 1:colcon.colcon_core.package_identification:_identify(.) by extensions ['ignore', 'ignore_ament_install']
[0.549s] Level 1:colcon.colcon_core.package_identification:_identify(.) by extension 'ignore'
[0.549s] Level 1:colcon.colcon_core.package_identification:_identify(.) by extension 'ignore_ament_install'
[0.549s] Level 1:colcon.colcon_core.package_identification:_identify(.) by extensions ['colcon_pkg']
[0.549s] Level 1:colcon.colcon_core.package_identification:_identify(.) by extension 'colcon_pkg'
[0.549s] Level 1:colcon.colcon_core.package_identification:_identify(.) by extensions ['colcon_meta']
[0.549s] Level 1:colcon.colcon_core.package_identification:_identify(.) by extension 'colcon_meta'
[0.549s] Level 1:colcon.colcon_core.package_identification:_identify(.) by extensions ['ros']
[0.549s] Level 1:colcon.colcon_core.package_identification:_identify(.) by extension 'ros'
[0.565s] Level 1:colcon.colcon_core.package_identification:_identify(.) by extensions ['cmake', 'python']
[0.566s] Level 1:colcon.colcon_core.package_identification:_identify(.) by extension 'cmake'
[0.566s] Level 1:colcon.colcon_core.package_identification:_identify(.) by extension 'python'
[0.566s] Level 1:colcon.colcon_core.package_identification:_identify(.) by extensions ['python_setup_py']
[0.566s] Level 1:colcon.colcon_core.package_identification:_identify(.) by extension 'python_setup_py'
[0.567s] Level 1:colcon.colcon_core.package_identification:_identify(build) by extensions ['ignore', 'ignore_ament_install']
[0.567s] Level 1:colcon.colcon_core.package_identification:_identify(build) by extension 'ignore'
[0.568s] Level 1:colcon.colcon_core.package_identification:_identify(build) ignored
[0.568s] Level 1:colcon.colcon_core.package_identification:_identify(install) by extensions ['ignore', 'ignore_ament_install']
[0.569s] Level 1:colcon.colcon_core.package_identification:_identify(install) by extension 'ignore'
[0.569s] Level 1:colcon.colcon_core.package_identification:_identify(install) ignored
[0.569s] Level 1:colcon.colcon_core.package_identification:_identify(log) by extensions ['ignore', 'ignore_ament_install']
[0.570s] Level 1:colcon.colcon_core.package_identification:_identify(log) by extension 'ignore'
[0.570s] Level 1:colcon.colcon_core.package_identification:_identify(log) ignored
[0.570s] Level 1:colcon.colcon_core.package_identification:_identify(src) by extensions ['ignore', 'ignore_ament_install']
[0.571s] Level 1:colcon.colcon_core.package_identification:_identify(src) by extension 'ignore'
[0.571s] Level 1:colcon.colcon_core.package_identification:_identify(src) by extension 'ignore_ament_install'
[0.571s] Level 1:colcon.colcon_core.package_identification:_identify(src) by extensions ['colcon_pkg']
[0.571s] Level 1:colcon.colcon_core.package_identification:_identify(src) by extension 'colcon_pkg'
[0.571s] Level 1:colcon.colcon_core.package_identification:_identify(src) by extensions ['colcon_meta']
[0.572s] Level 1:colcon.colcon_core.package_identification:_identify(src) by extension 'colcon_meta'
[0.572s] Level 1:colcon.colcon_core.package_identification:_identify(src) by extensions ['ros']
[0.572s] Level 1:colcon.colcon_core.package_identification:_identify(src) by extension 'ros'
[0.572s] Level 1:colcon.colcon_core.package_identification:_identify(src) by extensions ['cmake', 'python']
[0.572s] Level 1:colcon.colcon_core.package_identification:_identify(src) by extension 'cmake'
[0.573s] Level 1:colcon.colcon_core.package_identification:_identify(src) by extension 'python'
[0.573s] Level 1:colcon.colcon_core.package_identification:_identify(src) by extensions ['python_setup_py']
[0.573s] Level 1:colcon.colcon_core.package_identification:_identify(src) by extension 'python_setup_py'
[0.573s] Level 1:colcon.colcon_core.package_identification:_identify(src/image_publisher_subscriber) by extensions ['ignore', 'ignore_ament_install']
[0.574s] Level 1:colcon.colcon_core.package_identification:_identify(src/image_publisher_subscriber) by extension 'ignore'
[0.574s] Level 1:colcon.colcon_core.package_identification:_identify(src/image_publisher_subscriber) by extension 'ignore_ament_install'
[0.574s] Level 1:colcon.colcon_core.package_identification:_identify(src/image_publisher_subscriber) by extensions ['colcon_pkg']
[0.574s] Level 1:colcon.colcon_core.package_identification:_identify(src/image_publisher_subscriber) by extension 'colcon_pkg'
[0.574s] Level 1:colcon.colcon_core.package_identification:_identify(src/image_publisher_subscriber) by extensions ['colcon_meta']
[0.575s] Level 1:colcon.colcon_core.package_identification:_identify(src/image_publisher_subscriber) by extension 'colcon_meta'
[0.575s] Level 1:colcon.colcon_core.package_identification:_identify(src/image_publisher_subscriber) by extensions ['ros']
[0.575s] Level 1:colcon.colcon_core.package_identification:_identify(src/image_publisher_subscriber) by extension 'ros'
[0.584s] DEBUG:colcon.colcon_core.package_identification:Package 'src/image_publisher_subscriber' with type 'ros.ament_cmake' and name 'image_publisher_subscriber'
[0.584s] Level 1:colcon.colcon_core.package_identification:_identify(src/yolo_image_subscriber) by extensions ['ignore', 'ignore_ament_install']
[0.584s] Level 1:colcon.colcon_core.package_identification:_identify(src/yolo_image_subscriber) by extension 'ignore'
[0.584s] Level 1:colcon.colcon_core.package_identification:_identify(src/yolo_image_subscriber) by extension 'ignore_ament_install'
[0.585s] Level 1:colcon.colcon_core.package_identification:_identify(src/yolo_image_subscriber) by extensions ['colcon_pkg']
[0.585s] Level 1:colcon.colcon_core.package_identification:_identify(src/yolo_image_subscriber) by extension 'colcon_pkg'
[0.585s] Level 1:colcon.colcon_core.package_identification:_identify(src/yolo_image_subscriber) by extensions ['colcon_meta']
[0.585s] Level 1:colcon.colcon_core.package_identification:_identify(src/yolo_image_subscriber) by extension 'colcon_meta'
[0.585s] Level 1:colcon.colcon_core.package_identification:_identify(src/yolo_image_subscriber) by extensions ['ros']
[0.585s] Level 1:colcon.colcon_core.package_identification:_identify(src/yolo_image_subscriber) by extension 'ros'
[0.586s] DEBUG:colcon.colcon_core.package_identification:Package 'src/yolo_image_subscriber' with type 'ros.ament_python' and name 'yolo_image_subscriber'
[0.586s] Level 1:colcon.colcon_core.package_discovery:discover_packages(recursive) using defaults
[0.586s] Level 1:colcon.colcon_core.package_discovery:discover_packages(ignore) discover
[0.586s] Level 1:colcon.colcon_core.package_discovery:discover_packages(ignore) using defaults
[0.586s] Level 1:colcon.colcon_core.package_discovery:discover_packages(path) discover
[0.586s] Level 1:colcon.colcon_core.package_discovery:discover_packages(path) using defaults
[0.609s] Level 5:colcon.colcon_core.verb:set package 'image_publisher_subscriber' build argument 'cmake_args' from command line to 'None'
[0.609s] Level 5:colcon.colcon_core.verb:set package 'image_publisher_subscriber' build argument 'cmake_target' from command line to 'None'
[0.609s] Level 5:colcon.colcon_core.verb:set package 'image_publisher_subscriber' build argument 'cmake_target_skip_unavailable' from command line to 'False'
[0.609s] Level 5:colcon.colcon_core.verb:set package 'image_publisher_subscriber' build argument 'cmake_clean_cache' from command line to 'False'
[0.609s] Level 5:colcon.colcon_core.verb:set package 'image_publisher_subscriber' build argument 'cmake_clean_first' from command line to 'False'
[0.610s] Level 5:colcon.colcon_core.verb:set package 'image_publisher_subscriber' build argument 'cmake_force_configure' from command line to 'False'
[0.610s] Level 5:colcon.colcon_core.verb:set package 'image_publisher_subscriber' build argument 'ament_cmake_args' from command line to 'None'
[0.610s] Level 5:colcon.colcon_core.verb:set package 'image_publisher_subscriber' build argument 'catkin_cmake_args' from command line to 'None'
[0.610s] Level 5:colcon.colcon_core.verb:set package 'image_publisher_subscriber' build argument 'catkin_skip_building_tests' from command line to 'False'
[0.610s] DEBUG:colcon.colcon_core.verb:Building package 'image_publisher_subscriber' with the following arguments: {'ament_cmake_args': None, 'build_base': '/root/Image_transport/build/image_publisher_subscriber', 'catkin_cmake_args': None, 'catkin_skip_building_tests': False, 'cmake_args': None, 'cmake_clean_cache': False, 'cmake_clean_first': False, 'cmake_force_configure': False, 'cmake_target': None, 'cmake_target_skip_unavailable': False, 'install_base': '/root/Image_transport/install/image_publisher_subscriber', 'merge_install': False, 'path': '/root/Image_transport/src/image_publisher_subscriber', 'symlink_install': False, 'test_result_base': None}
[0.610s] Level 5:colcon.colcon_core.verb:set package 'yolo_image_subscriber' build argument 'cmake_args' from command line to 'None'
[0.610s] Level 5:colcon.colcon_core.verb:set package 'yolo_image_subscriber' build argument 'cmake_target' from command line to 'None'
[0.610s] Level 5:colcon.colcon_core.verb:set package 'yolo_image_subscriber' build argument 'cmake_target_skip_unavailable' from command line to 'False'
[0.610s] Level 5:colcon.colcon_core.verb:set package 'yolo_image_subscriber' build argument 'cmake_clean_cache' from command line to 'False'
[0.610s] Level 5:colcon.colcon_core.verb:set package 'yolo_image_subscriber' build argument 'cmake_clean_first' from command line to 'False'
[0.610s] Level 5:colcon.colcon_core.verb:set package 'yolo_image_subscriber' build argument 'cmake_force_configure' from command line to 'False'
[0.610s] Level 5:colcon.colcon_core.verb:set package 'yolo_image_subscriber' build argument 'ament_cmake_args' from command line to 'None'
[0.611s] Level 5:colcon.colcon_core.verb:set package 'yolo_image_subscriber' build argument 'catkin_cmake_args' from command line to 'None'
[0.611s] Level 5:colcon.colcon_core.verb:set package 'yolo_image_subscriber' build argument 'catkin_skip_building_tests' from command line to 'False'
[0.611s] DEBUG:colcon.colcon_core.verb:Building package 'yolo_image_subscriber' with the following arguments: {'ament_cmake_args': None, 'build_base': '/root/Image_transport/build/yolo_image_subscriber', 'catkin_cmake_args': None, 'catkin_skip_building_tests': False, 'cmake_args': None, 'cmake_clean_cache': False, 'cmake_clean_first': False, 'cmake_force_configure': False, 'cmake_target': None, 'cmake_target_skip_unavailable': False, 'install_base': '/root/Image_transport/install/yolo_image_subscriber', 'merge_install': False, 'path': '/root/Image_transport/src/yolo_image_subscriber', 'symlink_install': False, 'test_result_base': None}
[0.611s] INFO:colcon.colcon_core.executor:Executing jobs using 'parallel' executor
[0.613s] DEBUG:colcon.colcon_parallel_executor.executor.parallel:run_until_complete
[0.613s] INFO:colcon.colcon_ros.task.ament_cmake.build:Building ROS package in '/root/Image_transport/src/image_publisher_subscriber' with build type 'ament_cmake'
[0.613s] INFO:colcon.colcon_cmake.task.cmake.build:Building CMake package in '/root/Image_transport/src/image_publisher_subscriber'
[0.617s] INFO:colcon.colcon_core.plugin_system:Skipping extension 'colcon_core.shell.bat': Not used on non-Windows systems
[0.617s] INFO:colcon.colcon_core.shell:Skip shell extension 'powershell' for command environment: Not usable outside of PowerShell
[0.617s] DEBUG:colcon.colcon_core.shell:Skip shell extension 'dsv' for command environment
[0.629s] INFO:colcon.colcon_ros.task.ament_python.build:Building ROS package in '/root/Image_transport/src/yolo_image_subscriber' with build type 'ament_python'
[0.629s] Level 1:colcon.colcon_core.shell:create_environment_hook('yolo_image_subscriber', 'ament_prefix_path')
[0.629s] INFO:colcon.colcon_core.shell:Creating environment hook '/root/Image_transport/install/yolo_image_subscriber/share/yolo_image_subscriber/hook/ament_prefix_path.ps1'
[0.631s] INFO:colcon.colcon_core.shell:Creating environment descriptor '/root/Image_transport/install/yolo_image_subscriber/share/yolo_image_subscriber/hook/ament_prefix_path.dsv'
[0.632s] INFO:colcon.colcon_core.shell:Creating environment hook '/root/Image_transport/install/yolo_image_subscriber/share/yolo_image_subscriber/hook/ament_prefix_path.sh'
[0.633s] INFO:colcon.colcon_core.shell:Skip shell extension 'powershell' for command environment: Not usable outside of PowerShell
[0.633s] DEBUG:colcon.colcon_core.shell:Skip shell extension 'dsv' for command environment
[0.660s] DEBUG:colcon.colcon_core.event_handler.log_command:Invoking command in '/root/Image_transport/build/image_publisher_subscriber': CMAKE_PREFIX_PATH=${CMAKE_PREFIX_PATH}:/root/Image_transport/src/yolo_image_subscriber/install/yolo_image_subscriber:/opt/ros/foxy /usr/bin/cmake --build /root/Image_transport/build/image_publisher_subscriber -- -j8 -l8
[1.047s] WARNING:colcon.colcon_ros.task.ament_python.build:Package 'yolo_image_subscriber' doesn't explicitly install a marker in the package index (colcon-ros currently does it implicitly but that fallback will be removed in the future)
[1.048s] WARNING:colcon.colcon_ros.task.ament_python.build:Package 'yolo_image_subscriber' doesn't explicitly install the 'package.xml' file (colcon-ros currently does it implicitly but that fallback will be removed in the future)
[1.048s] INFO:colcon.colcon_core.task.python.build:Building Python package in '/root/Image_transport/src/yolo_image_subscriber'
[1.049s] INFO:colcon.colcon_core.shell:Skip shell extension 'powershell' for command environment: Not usable outside of PowerShell
[1.049s] DEBUG:colcon.colcon_core.shell:Skip shell extension 'dsv' for command environment
[1.728s] DEBUG:colcon.colcon_core.event_handler.log_command:Invoking command in '/root/Image_transport/src/yolo_image_subscriber': PYTHONPATH=/root/Image_transport/build/yolo_image_subscriber/prefix_override:/usr/local/lib/python3.8/dist-packages/colcon_core/task/python/colcon_distutils_commands:/root/Image_transport/install/yolo_image_subscriber/lib/python3.8/site-packages:${PYTHONPATH} /usr/bin/python3 -W ignore:setup.py install is deprecated setup.py egg_info --egg-base ../../build/yolo_image_subscriber build --build-base /root/Image_transport/build/yolo_image_subscriber/build install --record /root/Image_transport/build/yolo_image_subscriber/install.log --install-scripts $base/lib/yolo_image_subscriber --single-version-externally-managed
[2.167s] DEBUG:colcon.colcon_core.event_handler.log_command:Invoked command in '/root/Image_transport/src/yolo_image_subscriber' returned '0': PYTHONPATH=/root/Image_transport/build/yolo_image_subscriber/prefix_override:/usr/local/lib/python3.8/dist-packages/colcon_core/task/python/colcon_distutils_commands:/root/Image_transport/install/yolo_image_subscriber/lib/python3.8/site-packages:${PYTHONPATH} /usr/bin/python3 -W ignore:setup.py install is deprecated setup.py egg_info --egg-base ../../build/yolo_image_subscriber build --build-base /root/Image_transport/build/yolo_image_subscriber/build install --record /root/Image_transport/build/yolo_image_subscriber/install.log --install-scripts $base/lib/yolo_image_subscriber --single-version-externally-managed
[2.172s] Level 1:colcon.colcon_core.environment:checking '/root/Image_transport/install/yolo_image_subscriber' for CMake module files
[2.173s] Level 1:colcon.colcon_core.environment:checking '/root/Image_transport/install/yolo_image_subscriber' for CMake config files
[2.174s] Level 1:colcon.colcon_core.environment:checking '/root/Image_transport/install/yolo_image_subscriber/lib'
[2.174s] Level 1:colcon.colcon_core.environment:checking '/root/Image_transport/install/yolo_image_subscriber/bin'
[2.175s] Level 1:colcon.colcon_core.environment:checking '/root/Image_transport/install/yolo_image_subscriber/lib/pkgconfig/yolo_image_subscriber.pc'
[2.175s] Level 1:colcon.colcon_core.environment:checking '/root/Image_transport/install/yolo_image_subscriber/lib/python3.8/site-packages'
[2.175s] Level 1:colcon.colcon_core.shell:create_environment_hook('yolo_image_subscriber', 'pythonpath')
[2.176s] INFO:colcon.colcon_core.shell:Creating environment hook '/root/Image_transport/install/yolo_image_subscriber/share/yolo_image_subscriber/hook/pythonpath.ps1'
[2.177s] INFO:colcon.colcon_core.shell:Creating environment descriptor '/root/Image_transport/install/yolo_image_subscriber/share/yolo_image_subscriber/hook/pythonpath.dsv'
[2.178s] INFO:colcon.colcon_core.shell:Creating environment hook '/root/Image_transport/install/yolo_image_subscriber/share/yolo_image_subscriber/hook/pythonpath.sh'
[2.179s] Level 1:colcon.colcon_core.environment:checking '/root/Image_transport/install/yolo_image_subscriber/bin'
[2.179s] Level 1:colcon.colcon_core.environment:create_environment_scripts_only(yolo_image_subscriber)
[2.180s] INFO:colcon.colcon_core.shell:Creating package script '/root/Image_transport/install/yolo_image_subscriber/share/yolo_image_subscriber/package.ps1'
[2.183s] INFO:colcon.colcon_core.shell:Creating package descriptor '/root/Image_transport/install/yolo_image_subscriber/share/yolo_image_subscriber/package.dsv'
[2.184s] INFO:colcon.colcon_core.shell:Creating package script '/root/Image_transport/install/yolo_image_subscriber/share/yolo_image_subscriber/package.sh'
[2.185s] INFO:colcon.colcon_core.shell:Creating package script '/root/Image_transport/install/yolo_image_subscriber/share/yolo_image_subscriber/package.bash'
[2.186s] INFO:colcon.colcon_core.shell:Creating package script '/root/Image_transport/install/yolo_image_subscriber/share/yolo_image_subscriber/package.zsh'
[2.187s] Level 1:colcon.colcon_core.environment:create_file_with_runtime_dependencies(/root/Image_transport/install/yolo_image_subscriber/share/colcon-core/packages/yolo_image_subscriber)
[8.527s] DEBUG:colcon.colcon_core.event_handler.log_command:Invoked command in '/root/Image_transport/build/image_publisher_subscriber' returned '0': CMAKE_PREFIX_PATH=${CMAKE_PREFIX_PATH}:/root/Image_transport/src/yolo_image_subscriber/install/yolo_image_subscriber:/opt/ros/foxy /usr/bin/cmake --build /root/Image_transport/build/image_publisher_subscriber -- -j8 -l8
[8.650s] DEBUG:colcon.colcon_core.event_handler.log_command:Invoking command in '/root/Image_transport/build/image_publisher_subscriber': CMAKE_PREFIX_PATH=${CMAKE_PREFIX_PATH}:/root/Image_transport/src/yolo_image_subscriber/install/yolo_image_subscriber:/opt/ros/foxy /usr/bin/cmake --install /root/Image_transport/build/image_publisher_subscriber
[8.688s] Level 1:colcon.colcon_core.environment:create_environment_scripts_only(image_publisher_subscriber)
[8.689s] DEBUG:colcon.colcon_core.event_handler.log_command:Invoked command in '/root/Image_transport/build/image_publisher_subscriber' returned '0': CMAKE_PREFIX_PATH=${CMAKE_PREFIX_PATH}:/root/Image_transport/src/yolo_image_subscriber/install/yolo_image_subscriber:/opt/ros/foxy /usr/bin/cmake --install /root/Image_transport/build/image_publisher_subscriber
[8.691s] Level 1:colcon.colcon_core.environment:checking '/root/Image_transport/install/image_publisher_subscriber' for CMake module files
[8.694s] Level 1:colcon.colcon_core.environment:checking '/root/Image_transport/install/image_publisher_subscriber' for CMake config files
[8.695s] Level 1:colcon.colcon_core.shell:create_environment_hook('image_publisher_subscriber', 'cmake_prefix_path')
[8.696s] INFO:colcon.colcon_core.shell:Creating environment hook '/root/Image_transport/install/image_publisher_subscriber/share/image_publisher_subscriber/hook/cmake_prefix_path.ps1'
[8.699s] INFO:colcon.colcon_core.shell:Creating environment descriptor '/root/Image_transport/install/image_publisher_subscriber/share/image_publisher_subscriber/hook/cmake_prefix_path.dsv'
[8.700s] INFO:colcon.colcon_core.shell:Creating environment hook '/root/Image_transport/install/image_publisher_subscriber/share/image_publisher_subscriber/hook/cmake_prefix_path.sh'
[8.703s] Level 1:colcon.colcon_core.environment:checking '/root/Image_transport/install/image_publisher_subscriber/lib'
[8.703s] Level 1:colcon.colcon_core.environment:checking '/root/Image_transport/install/image_publisher_subscriber/bin'
[8.704s] Level 1:colcon.colcon_core.environment:checking '/root/Image_transport/install/image_publisher_subscriber/lib/pkgconfig/image_publisher_subscriber.pc'
[8.705s] Level 1:colcon.colcon_core.environment:checking '/root/Image_transport/install/image_publisher_subscriber/lib/python3.8/site-packages'
[8.705s] Level 1:colcon.colcon_core.environment:checking '/root/Image_transport/install/image_publisher_subscriber/bin'
[8.707s] INFO:colcon.colcon_core.shell:Creating package script '/root/Image_transport/install/image_publisher_subscriber/share/image_publisher_subscriber/package.ps1'
[8.708s] INFO:colcon.colcon_core.shell:Creating package descriptor '/root/Image_transport/install/image_publisher_subscriber/share/image_publisher_subscriber/package.dsv'
[8.710s] INFO:colcon.colcon_core.shell:Creating package script '/root/Image_transport/install/image_publisher_subscriber/share/image_publisher_subscriber/package.sh'
[8.711s] INFO:colcon.colcon_core.shell:Creating package script '/root/Image_transport/install/image_publisher_subscriber/share/image_publisher_subscriber/package.bash'
[8.712s] INFO:colcon.colcon_core.shell:Creating package script '/root/Image_transport/install/image_publisher_subscriber/share/image_publisher_subscriber/package.zsh'
[8.713s] Level 1:colcon.colcon_core.environment:create_file_with_runtime_dependencies(/root/Image_transport/install/image_publisher_subscriber/share/colcon-core/packages/image_publisher_subscriber)
[8.767s] Level 1:colcon.colcon_core.environment:create_environment_scripts_only(image_publisher_subscriber)
[8.768s] Level 1:colcon.colcon_core.environment:checking '/root/Image_transport/install/image_publisher_subscriber' for CMake module files
[8.770s] Level 1:colcon.colcon_core.environment:checking '/root/Image_transport/install/image_publisher_subscriber' for CMake config files
[8.770s] Level 1:colcon.colcon_core.shell:create_environment_hook('image_publisher_subscriber', 'cmake_prefix_path')
[8.771s] INFO:colcon.colcon_core.shell:Creating environment hook '/root/Image_transport/install/image_publisher_subscriber/share/image_publisher_subscriber/hook/cmake_prefix_path.ps1'
[8.772s] INFO:colcon.colcon_core.shell:Creating environment descriptor '/root/Image_transport/install/image_publisher_subscriber/share/image_publisher_subscriber/hook/cmake_prefix_path.dsv'
[8.773s] INFO:colcon.colcon_core.shell:Creating environment hook '/root/Image_transport/install/image_publisher_subscriber/share/image_publisher_subscriber/hook/cmake_prefix_path.sh'
[8.775s] Level 1:colcon.colcon_core.environment:checking '/root/Image_transport/install/image_publisher_subscriber/lib'
[8.775s] Level 1:colcon.colcon_core.environment:checking '/root/Image_transport/install/image_publisher_subscriber/bin'
[8.775s] Level 1:colcon.colcon_core.environment:checking '/root/Image_transport/install/image_publisher_subscriber/lib/pkgconfig/image_publisher_subscriber.pc'
[8.776s] Level 1:colcon.colcon_core.environment:checking '/root/Image_transport/install/image_publisher_subscriber/lib/python3.8/site-packages'
[8.776s] Level 1:colcon.colcon_core.environment:checking '/root/Image_transport/install/image_publisher_subscriber/bin'
[8.777s] INFO:colcon.colcon_core.shell:Creating package script '/root/Image_transport/install/image_publisher_subscriber/share/image_publisher_subscriber/package.ps1'
[8.778s] INFO:colcon.colcon_core.shell:Creating package descriptor '/root/Image_transport/install/image_publisher_subscriber/share/image_publisher_subscriber/package.dsv'
[8.780s] INFO:colcon.colcon_core.shell:Creating package script '/root/Image_transport/install/image_publisher_subscriber/share/image_publisher_subscriber/package.sh'
[8.781s] INFO:colcon.colcon_core.shell:Creating package script '/root/Image_transport/install/image_publisher_subscriber/share/image_publisher_subscriber/package.bash'
[8.782s] INFO:colcon.colcon_core.shell:Creating package script '/root/Image_transport/install/image_publisher_subscriber/share/image_publisher_subscriber/package.zsh'
[8.783s] Level 1:colcon.colcon_core.environment:create_file_with_runtime_dependencies(/root/Image_transport/install/image_publisher_subscriber/share/colcon-core/packages/image_publisher_subscriber)
[8.784s] DEBUG:colcon.colcon_parallel_executor.executor.parallel:closing loop
[8.784s] DEBUG:colcon.colcon_parallel_executor.executor.parallel:loop closed
[8.784s] DEBUG:colcon.colcon_parallel_executor.executor.parallel:run_until_complete finished with '0'
[8.784s] DEBUG:colcon.colcon_core.event_reactor:joining thread
[8.809s] INFO:colcon.colcon_core.plugin_system:Skipping extension 'colcon_notification.desktop_notification.notify_send': Could not find 'notify-send'
[8.809s] INFO:colcon.colcon_core.plugin_system:Skipping extension 'colcon_notification.desktop_notification.terminal_notifier': Not used on non-Darwin systems
[8.810s] INFO:colcon.colcon_core.plugin_system:Skipping extension 'colcon_notification.desktop_notification.win32': Not used on non-Windows systems
[8.810s] INFO:colcon.colcon_notification.desktop_notification:Sending desktop notification using 'notify2'
[8.810s] DEBUG:colcon.colcon_notification.desktop_notification.notify2:Failed to initialize notify2: org.freedesktop.DBus.Error.NotSupported: Unable to autolaunch a dbus-daemon without a $DISPLAY for X11
[8.811s] DEBUG:colcon.colcon_core.event_reactor:joined thread
[8.811s] INFO:colcon.colcon_core.shell:Creating prefix script '/root/Image_transport/install/local_setup.ps1'
[8.813s] INFO:colcon.colcon_core.shell:Creating prefix util module '/root/Image_transport/install/_local_setup_util_ps1.py'
[8.816s] INFO:colcon.colcon_core.shell:Creating prefix chain script '/root/Image_transport/install/setup.ps1'
[8.819s] INFO:colcon.colcon_core.shell:Creating prefix script '/root/Image_transport/install/local_setup.sh'
[8.820s] INFO:colcon.colcon_core.shell:Creating prefix util module '/root/Image_transport/install/_local_setup_util_sh.py'
[8.821s] INFO:colcon.colcon_core.shell:Creating prefix chain script '/root/Image_transport/install/setup.sh'
[8.822s] INFO:colcon.colcon_core.shell:Creating prefix script '/root/Image_transport/install/local_setup.bash'
[8.823s] INFO:colcon.colcon_core.shell:Creating prefix chain script '/root/Image_transport/install/setup.bash'
[8.825s] INFO:colcon.colcon_core.shell:Creating prefix script '/root/Image_transport/install/local_setup.zsh'
[8.825s] INFO:colcon.colcon_core.shell:Creating prefix chain script '/root/Image_transport/install/setup.zsh'
