[0.262s] DEBUG:colcon:Command line arguments: ['/usr/bin/colcon', 'build', '--packages-select', 'image_publisher_subscriber']
[0.262s] DEBUG:colcon:Parsed command line arguments: Namespace(allow_overriding=[], ament_cmake_args=None, base_paths=['.'], build_base='build', catkin_cmake_args=None, catkin_skip_building_tests=False, cmake_args=None, cmake_clean_cache=False, cmake_clean_first=False, cmake_force_configure=False, cmake_target=None, cmake_target_skip_unavailable=False, continue_on_error=False, event_handlers=None, executor='parallel', ignore_user_meta=False, install_base='install', log_base=None, log_level=None, main=<bound method BuildVerb.main of <colcon_core.verb.build.BuildVerb object at 0x7f845318bdf0>>, merge_install=False, metas=['./colcon.meta'], mixin=None, mixin_files=None, mixin_verb=('build',), packages_above=None, packages_above_and_dependencies=None, packages_above_depth=None, packages_end=None, packages_ignore=None, packages_ignore_regex=None, packages_select=['image_publisher_subscriber'], packages_select_build_failed=False, packages_select_by_dep=None, packages_select_regex=None, packages_select_test_failures=False, packages_skip=None, packages_skip_build_finished=False, packages_skip_by_dep=None, packages_skip_regex=None, packages_skip_test_passed=False, packages_skip_up_to=None, packages_start=None, packages_up_to=None, packages_up_to_regex=None, parallel_workers=8, paths=None, symlink_install=False, test_result_base=None, verb_extension=<colcon_core.verb.build.BuildVerb object at 0x7f845318bdf0>, verb_name='build', verb_parser=<colcon_mixin.mixin.mixin_argument.MixinArgumentDecorator object at 0x7f845304bd60>)
[0.415s] Level 1:colcon.colcon_core.package_discovery:discover_packages(colcon_meta) check parameters
[0.415s] Level 1:colcon.colcon_core.package_discovery:discover_packages(recursive) check parameters
[0.415s] Level 1:colcon.colcon_core.package_discovery:discover_packages(ignore) check parameters
[0.415s] Level 1:colcon.colcon_core.package_discovery:discover_packages(path) check parameters
[0.415s] Level 1:colcon.colcon_core.package_discovery:discover_packages(colcon_meta) discover
[0.415s] Level 1:colcon.colcon_core.package_discovery:discover_packages(recursive) discover
[0.415s] INFO:colcon.colcon_core.package_discovery:Crawling recursively for packages in '/home/momo/image_transport'
[0.415s] Level 1:colcon.colcon_core.package_identification:_identify(.) by extensions ['ignore', 'ignore_ament_install']
[0.415s] Level 1:colcon.colcon_core.package_identification:_identify(.) by extension 'ignore'
[0.415s] Level 1:colcon.colcon_core.package_identification:_identify(.) by extension 'ignore_ament_install'
[0.415s] Level 1:colcon.colcon_core.package_identification:_identify(.) by extensions ['colcon_pkg']
[0.415s] Level 1:colcon.colcon_core.package_identification:_identify(.) by extension 'colcon_pkg'
[0.415s] Level 1:colcon.colcon_core.package_identification:_identify(.) by extensions ['colcon_meta']
[0.415s] Level 1:colcon.colcon_core.package_identification:_identify(.) by extension 'colcon_meta'
[0.416s] Level 1:colcon.colcon_core.package_identification:_identify(.) by extensions ['ros']
[0.416s] Level 1:colcon.colcon_core.package_identification:_identify(.) by extension 'ros'
[0.430s] Level 1:colcon.colcon_core.package_identification:_identify(.) by extensions ['cmake', 'python']
[0.430s] Level 1:colcon.colcon_core.package_identification:_identify(.) by extension 'cmake'
[0.430s] Level 1:colcon.colcon_core.package_identification:_identify(.) by extension 'python'
[0.430s] Level 1:colcon.colcon_core.package_identification:_identify(.) by extensions ['python_setup_py']
[0.430s] Level 1:colcon.colcon_core.package_identification:_identify(.) by extension 'python_setup_py'
[0.431s] Level 1:colcon.colcon_core.package_identification:_identify(build) by extensions ['ignore', 'ignore_ament_install']
[0.431s] Level 1:colcon.colcon_core.package_identification:_identify(build) by extension 'ignore'
[0.431s] Level 1:colcon.colcon_core.package_identification:_identify(build) ignored
[0.431s] Level 1:colcon.colcon_core.package_identification:_identify(install) by extensions ['ignore', 'ignore_ament_install']
[0.431s] Level 1:colcon.colcon_core.package_identification:_identify(install) by extension 'ignore'
[0.431s] Level 1:colcon.colcon_core.package_identification:_identify(install) ignored
[0.431s] Level 1:colcon.colcon_core.package_identification:_identify(log) by extensions ['ignore', 'ignore_ament_install']
[0.431s] Level 1:colcon.colcon_core.package_identification:_identify(log) by extension 'ignore'
[0.431s] Level 1:colcon.colcon_core.package_identification:_identify(log) ignored
[0.431s] Level 1:colcon.colcon_core.package_identification:_identify(src) by extensions ['ignore', 'ignore_ament_install']
[0.431s] Level 1:colcon.colcon_core.package_identification:_identify(src) by extension 'ignore'
[0.432s] Level 1:colcon.colcon_core.package_identification:_identify(src) by extension 'ignore_ament_install'
[0.432s] Level 1:colcon.colcon_core.package_identification:_identify(src) by extensions ['colcon_pkg']
[0.432s] Level 1:colcon.colcon_core.package_identification:_identify(src) by extension 'colcon_pkg'
[0.432s] Level 1:colcon.colcon_core.package_identification:_identify(src) by extensions ['colcon_meta']
[0.432s] Level 1:colcon.colcon_core.package_identification:_identify(src) by extension 'colcon_meta'
[0.432s] Level 1:colcon.colcon_core.package_identification:_identify(src) by extensions ['ros']
[0.432s] Level 1:colcon.colcon_core.package_identification:_identify(src) by extension 'ros'
[0.432s] Level 1:colcon.colcon_core.package_identification:_identify(src) by extensions ['cmake', 'python']
[0.432s] Level 1:colcon.colcon_core.package_identification:_identify(src) by extension 'cmake'
[0.432s] Level 1:colcon.colcon_core.package_identification:_identify(src) by extension 'python'
[0.432s] Level 1:colcon.colcon_core.package_identification:_identify(src) by extensions ['python_setup_py']
[0.432s] Level 1:colcon.colcon_core.package_identification:_identify(src) by extension 'python_setup_py'
[0.432s] Level 1:colcon.colcon_core.package_identification:_identify(src/image_publisher_subscriber) by extensions ['ignore', 'ignore_ament_install']
[0.432s] Level 1:colcon.colcon_core.package_identification:_identify(src/image_publisher_subscriber) by extension 'ignore'
[0.432s] Level 1:colcon.colcon_core.package_identification:_identify(src/image_publisher_subscriber) by extension 'ignore_ament_install'
[0.432s] Level 1:colcon.colcon_core.package_identification:_identify(src/image_publisher_subscriber) by extensions ['colcon_pkg']
[0.432s] Level 1:colcon.colcon_core.package_identification:_identify(src/image_publisher_subscriber) by extension 'colcon_pkg'
[0.432s] Level 1:colcon.colcon_core.package_identification:_identify(src/image_publisher_subscriber) by extensions ['colcon_meta']
[0.432s] Level 1:colcon.colcon_core.package_identification:_identify(src/image_publisher_subscriber) by extension 'colcon_meta'
[0.433s] Level 1:colcon.colcon_core.package_identification:_identify(src/image_publisher_subscriber) by extensions ['ros']
[0.433s] Level 1:colcon.colcon_core.package_identification:_identify(src/image_publisher_subscriber) by extension 'ros'
[0.436s] DEBUG:colcon.colcon_core.package_identification:Package 'src/image_publisher_subscriber' with type 'ros.ament_cmake' and name 'image_publisher_subscriber'
[0.436s] Level 1:colcon.colcon_core.package_discovery:discover_packages(recursive) using defaults
[0.436s] Level 1:colcon.colcon_core.package_discovery:discover_packages(ignore) discover
[0.436s] Level 1:colcon.colcon_core.package_discovery:discover_packages(ignore) using defaults
[0.436s] Level 1:colcon.colcon_core.package_discovery:discover_packages(path) discover
[0.436s] Level 1:colcon.colcon_core.package_discovery:discover_packages(path) using defaults
[0.456s] Level 1:colcon.colcon_core.package_discovery:discover_packages(prefix_path) check parameters
[0.456s] Level 1:colcon.colcon_core.package_discovery:discover_packages(prefix_path) discover
[0.459s] DEBUG:colcon.colcon_installed_package_information.package_discovery:Found 172 installed packages in /opt/ros/foxy
[0.462s] Level 1:colcon.colcon_core.package_discovery:discover_packages(prefix_path) using defaults
[0.514s] Level 5:colcon.colcon_core.verb:set package 'image_publisher_subscriber' build argument 'cmake_args' from command line to 'None'
[0.514s] Level 5:colcon.colcon_core.verb:set package 'image_publisher_subscriber' build argument 'cmake_target' from command line to 'None'
[0.514s] Level 5:colcon.colcon_core.verb:set package 'image_publisher_subscriber' build argument 'cmake_target_skip_unavailable' from command line to 'False'
[0.514s] Level 5:colcon.colcon_core.verb:set package 'image_publisher_subscriber' build argument 'cmake_clean_cache' from command line to 'False'
[0.514s] Level 5:colcon.colcon_core.verb:set package 'image_publisher_subscriber' build argument 'cmake_clean_first' from command line to 'False'
[0.514s] Level 5:colcon.colcon_core.verb:set package 'image_publisher_subscriber' build argument 'cmake_force_configure' from command line to 'False'
[0.514s] Level 5:colcon.colcon_core.verb:set package 'image_publisher_subscriber' build argument 'ament_cmake_args' from command line to 'None'
[0.514s] Level 5:colcon.colcon_core.verb:set package 'image_publisher_subscriber' build argument 'catkin_cmake_args' from command line to 'None'
[0.514s] Level 5:colcon.colcon_core.verb:set package 'image_publisher_subscriber' build argument 'catkin_skip_building_tests' from command line to 'False'
[0.514s] DEBUG:colcon.colcon_core.verb:Building package 'image_publisher_subscriber' with the following arguments: {'ament_cmake_args': None, 'build_base': '/home/momo/image_transport/build/image_publisher_subscriber', 'catkin_cmake_args': None, 'catkin_skip_building_tests': False, 'cmake_args': None, 'cmake_clean_cache': False, 'cmake_clean_first': False, 'cmake_force_configure': False, 'cmake_target': None, 'cmake_target_skip_unavailable': False, 'install_base': '/home/momo/image_transport/install/image_publisher_subscriber', 'merge_install': False, 'path': '/home/momo/image_transport/src/image_publisher_subscriber', 'symlink_install': False, 'test_result_base': None}
[0.514s] INFO:colcon.colcon_core.executor:Executing jobs using 'parallel' executor
[0.516s] DEBUG:colcon.colcon_parallel_executor.executor.parallel:run_until_complete
[0.516s] INFO:colcon.colcon_ros.task.ament_cmake.build:Building ROS package in '/home/momo/image_transport/src/image_publisher_subscriber' with build type 'ament_cmake'
[0.517s] INFO:colcon.colcon_cmake.task.cmake.build:Building CMake package in '/home/momo/image_transport/src/image_publisher_subscriber'
[0.519s] INFO:colcon.colcon_core.plugin_system:Skipping extension 'colcon_core.shell.bat': Not used on non-Windows systems
[0.519s] INFO:colcon.colcon_core.shell:Skip shell extension 'powershell' for command environment: Not usable outside of PowerShell
[0.519s] DEBUG:colcon.colcon_core.shell:Skip shell extension 'dsv' for command environment
[0.541s] DEBUG:colcon.colcon_core.event_handler.log_command:Invoking command in '/home/momo/image_transport/build/image_publisher_subscriber': CMAKE_PREFIX_PATH=/opt/ros/foxy /usr/bin/cmake /home/momo/image_transport/src/image_publisher_subscriber -DCMAKE_INSTALL_PREFIX=/home/momo/image_transport/install/image_publisher_subscriber
[3.754s] DEBUG:colcon.colcon_core.event_handler.log_command:Invoked command in '/home/momo/image_transport/build/image_publisher_subscriber' returned '0': CMAKE_PREFIX_PATH=/opt/ros/foxy /usr/bin/cmake /home/momo/image_transport/src/image_publisher_subscriber -DCMAKE_INSTALL_PREFIX=/home/momo/image_transport/install/image_publisher_subscriber
[3.755s] DEBUG:colcon.colcon_core.event_handler.log_command:Invoking command in '/home/momo/image_transport/build/image_publisher_subscriber': CMAKE_PREFIX_PATH=/opt/ros/foxy /usr/bin/cmake --build /home/momo/image_transport/build/image_publisher_subscriber -- -j8 -l8
[14.003s] DEBUG:colcon.colcon_core.event_handler.log_command:Invoked command in '/home/momo/image_transport/build/image_publisher_subscriber' returned '0': CMAKE_PREFIX_PATH=/opt/ros/foxy /usr/bin/cmake --build /home/momo/image_transport/build/image_publisher_subscriber -- -j8 -l8
[14.122s] DEBUG:colcon.colcon_core.event_handler.log_command:Invoking command in '/home/momo/image_transport/build/image_publisher_subscriber': CMAKE_PREFIX_PATH=/opt/ros/foxy /usr/bin/cmake --install /home/momo/image_transport/build/image_publisher_subscriber
[14.154s] Level 1:colcon.colcon_core.environment:create_environment_scripts_only(image_publisher_subscriber)
[14.154s] DEBUG:colcon.colcon_core.event_handler.log_command:Invoked command in '/home/momo/image_transport/build/image_publisher_subscriber' returned '0': CMAKE_PREFIX_PATH=/opt/ros/foxy /usr/bin/cmake --install /home/momo/image_transport/build/image_publisher_subscriber
[14.162s] Level 1:colcon.colcon_core.environment:checking '/home/momo/image_transport/install/image_publisher_subscriber' for CMake module files
[14.163s] Level 1:colcon.colcon_core.environment:checking '/home/momo/image_transport/install/image_publisher_subscriber' for CMake config files
[14.163s] Level 1:colcon.colcon_core.shell:create_environment_hook('image_publisher_subscriber', 'cmake_prefix_path')
[14.164s] INFO:colcon.colcon_core.shell:Creating environment hook '/home/momo/image_transport/install/image_publisher_subscriber/share/image_publisher_subscriber/hook/cmake_prefix_path.ps1'
[14.166s] INFO:colcon.colcon_core.shell:Creating environment descriptor '/home/momo/image_transport/install/image_publisher_subscriber/share/image_publisher_subscriber/hook/cmake_prefix_path.dsv'
[14.166s] INFO:colcon.colcon_core.shell:Creating environment hook '/home/momo/image_transport/install/image_publisher_subscriber/share/image_publisher_subscriber/hook/cmake_prefix_path.sh'
[14.168s] Level 1:colcon.colcon_core.environment:checking '/home/momo/image_transport/install/image_publisher_subscriber/lib'
[14.168s] Level 1:colcon.colcon_core.environment:checking '/home/momo/image_transport/install/image_publisher_subscriber/bin'
[14.168s] Level 1:colcon.colcon_core.environment:checking '/home/momo/image_transport/install/image_publisher_subscriber/lib/pkgconfig/image_publisher_subscriber.pc'
[14.169s] Level 1:colcon.colcon_core.environment:checking '/home/momo/image_transport/install/image_publisher_subscriber/lib/python3.8/site-packages'
[14.169s] Level 1:colcon.colcon_core.environment:checking '/home/momo/image_transport/install/image_publisher_subscriber/bin'
[14.170s] INFO:colcon.colcon_core.shell:Creating package script '/home/momo/image_transport/install/image_publisher_subscriber/share/image_publisher_subscriber/package.ps1'
[14.171s] INFO:colcon.colcon_core.shell:Creating package descriptor '/home/momo/image_transport/install/image_publisher_subscriber/share/image_publisher_subscriber/package.dsv'
[14.172s] INFO:colcon.colcon_core.shell:Creating package script '/home/momo/image_transport/install/image_publisher_subscriber/share/image_publisher_subscriber/package.sh'
[14.173s] INFO:colcon.colcon_core.shell:Creating package script '/home/momo/image_transport/install/image_publisher_subscriber/share/image_publisher_subscriber/package.bash'
[14.174s] INFO:colcon.colcon_core.shell:Creating package script '/home/momo/image_transport/install/image_publisher_subscriber/share/image_publisher_subscriber/package.zsh'
[14.175s] Level 1:colcon.colcon_core.environment:create_file_with_runtime_dependencies(/home/momo/image_transport/install/image_publisher_subscriber/share/colcon-core/packages/image_publisher_subscriber)
[14.212s] Level 1:colcon.colcon_core.environment:create_environment_scripts_only(image_publisher_subscriber)
[14.212s] Level 1:colcon.colcon_core.environment:checking '/home/momo/image_transport/install/image_publisher_subscriber' for CMake module files
[14.213s] Level 1:colcon.colcon_core.environment:checking '/home/momo/image_transport/install/image_publisher_subscriber' for CMake config files
[14.214s] Level 1:colcon.colcon_core.shell:create_environment_hook('image_publisher_subscriber', 'cmake_prefix_path')
[14.214s] INFO:colcon.colcon_core.shell:Creating environment hook '/home/momo/image_transport/install/image_publisher_subscriber/share/image_publisher_subscriber/hook/cmake_prefix_path.ps1'
[14.215s] INFO:colcon.colcon_core.shell:Creating environment descriptor '/home/momo/image_transport/install/image_publisher_subscriber/share/image_publisher_subscriber/hook/cmake_prefix_path.dsv'
[14.215s] INFO:colcon.colcon_core.shell:Creating environment hook '/home/momo/image_transport/install/image_publisher_subscriber/share/image_publisher_subscriber/hook/cmake_prefix_path.sh'
[14.216s] Level 1:colcon.colcon_core.environment:checking '/home/momo/image_transport/install/image_publisher_subscriber/lib'
[14.216s] Level 1:colcon.colcon_core.environment:checking '/home/momo/image_transport/install/image_publisher_subscriber/bin'
[14.216s] Level 1:colcon.colcon_core.environment:checking '/home/momo/image_transport/install/image_publisher_subscriber/lib/pkgconfig/image_publisher_subscriber.pc'
[14.217s] Level 1:colcon.colcon_core.environment:checking '/home/momo/image_transport/install/image_publisher_subscriber/lib/python3.8/site-packages'
[14.217s] Level 1:colcon.colcon_core.environment:checking '/home/momo/image_transport/install/image_publisher_subscriber/bin'
[14.217s] INFO:colcon.colcon_core.shell:Creating package script '/home/momo/image_transport/install/image_publisher_subscriber/share/image_publisher_subscriber/package.ps1'
[14.218s] INFO:colcon.colcon_core.shell:Creating package descriptor '/home/momo/image_transport/install/image_publisher_subscriber/share/image_publisher_subscriber/package.dsv'
[14.219s] INFO:colcon.colcon_core.shell:Creating package script '/home/momo/image_transport/install/image_publisher_subscriber/share/image_publisher_subscriber/package.sh'
[14.219s] INFO:colcon.colcon_core.shell:Creating package script '/home/momo/image_transport/install/image_publisher_subscriber/share/image_publisher_subscriber/package.bash'
[14.220s] INFO:colcon.colcon_core.shell:Creating package script '/home/momo/image_transport/install/image_publisher_subscriber/share/image_publisher_subscriber/package.zsh'
[14.220s] Level 1:colcon.colcon_core.environment:create_file_with_runtime_dependencies(/home/momo/image_transport/install/image_publisher_subscriber/share/colcon-core/packages/image_publisher_subscriber)
[14.221s] DEBUG:colcon.colcon_parallel_executor.executor.parallel:closing loop
[14.221s] DEBUG:colcon.colcon_parallel_executor.executor.parallel:loop closed
[14.221s] DEBUG:colcon.colcon_parallel_executor.executor.parallel:run_until_complete finished with '0'
[14.221s] DEBUG:colcon.colcon_core.event_reactor:joining thread
[14.234s] INFO:colcon.colcon_core.plugin_system:Skipping extension 'colcon_notification.desktop_notification.terminal_notifier': Not used on non-Darwin systems
[14.234s] INFO:colcon.colcon_core.plugin_system:Skipping extension 'colcon_notification.desktop_notification.win32': Not used on non-Windows systems
[14.234s] INFO:colcon.colcon_notification.desktop_notification:Sending desktop notification using 'notify2'
[14.272s] DEBUG:colcon.colcon_core.event_reactor:joined thread
[14.272s] INFO:colcon.colcon_core.shell:Creating prefix script '/home/momo/image_transport/install/local_setup.ps1'
[14.274s] INFO:colcon.colcon_core.shell:Creating prefix util module '/home/momo/image_transport/install/_local_setup_util_ps1.py'
[14.276s] INFO:colcon.colcon_core.shell:Creating prefix chain script '/home/momo/image_transport/install/setup.ps1'
[14.278s] INFO:colcon.colcon_core.shell:Creating prefix script '/home/momo/image_transport/install/local_setup.sh'
[14.279s] INFO:colcon.colcon_core.shell:Creating prefix util module '/home/momo/image_transport/install/_local_setup_util_sh.py'
[14.279s] INFO:colcon.colcon_core.shell:Creating prefix chain script '/home/momo/image_transport/install/setup.sh'
[14.281s] INFO:colcon.colcon_core.shell:Creating prefix script '/home/momo/image_transport/install/local_setup.bash'
[14.281s] INFO:colcon.colcon_core.shell:Creating prefix chain script '/home/momo/image_transport/install/setup.bash'
[14.283s] INFO:colcon.colcon_core.shell:Creating prefix script '/home/momo/image_transport/install/local_setup.zsh'
[14.283s] INFO:colcon.colcon_core.shell:Creating prefix chain script '/home/momo/image_transport/install/setup.zsh'
