[0.260s] DEBUG:colcon:Command line arguments: ['/usr/bin/colcon', 'build', '--packages-select', 'image_publisher_subscriber']
[0.260s] DEBUG:colcon:Parsed command line arguments: Namespace(allow_overriding=[], ament_cmake_args=None, base_paths=['.'], build_base='build', catkin_cmake_args=None, catkin_skip_building_tests=False, cmake_args=None, cmake_clean_cache=False, cmake_clean_first=False, cmake_force_configure=False, cmake_target=None, cmake_target_skip_unavailable=False, continue_on_error=False, event_handlers=None, executor='parallel', ignore_user_meta=False, install_base='install', log_base=None, log_level=None, main=<bound method BuildVerb.main of <colcon_core.verb.build.BuildVerb object at 0x7f0a3c7bedc0>>, merge_install=False, metas=['./colcon.meta'], mixin=None, mixin_files=None, mixin_verb=('build',), packages_above=None, packages_above_and_dependencies=None, packages_above_depth=None, packages_end=None, packages_ignore=None, packages_ignore_regex=None, packages_select=['image_publisher_subscriber'], packages_select_build_failed=False, packages_select_by_dep=None, packages_select_regex=None, packages_select_test_failures=False, packages_skip=None, packages_skip_build_finished=False, packages_skip_by_dep=None, packages_skip_regex=None, packages_skip_test_passed=False, packages_skip_up_to=None, packages_start=None, packages_up_to=None, packages_up_to_regex=None, parallel_workers=8, paths=None, symlink_install=False, test_result_base=None, verb_extension=<colcon_core.verb.build.BuildVerb object at 0x7f0a3c7bedc0>, verb_name='build', verb_parser=<colcon_mixin.mixin.mixin_argument.MixinArgumentDecorator object at 0x7f0a3c67ed30>)
[0.428s] Level 1:colcon.colcon_core.package_discovery:discover_packages(colcon_meta) check parameters
[0.428s] Level 1:colcon.colcon_core.package_discovery:discover_packages(recursive) check parameters
[0.428s] Level 1:colcon.colcon_core.package_discovery:discover_packages(ignore) check parameters
[0.428s] Level 1:colcon.colcon_core.package_discovery:discover_packages(path) check parameters
[0.429s] Level 1:colcon.colcon_core.package_discovery:discover_packages(colcon_meta) discover
[0.429s] Level 1:colcon.colcon_core.package_discovery:discover_packages(recursive) discover
[0.429s] INFO:colcon.colcon_core.package_discovery:Crawling recursively for packages in '/home/momo/image_transport'
[0.429s] Level 1:colcon.colcon_core.package_identification:_identify(.) by extensions ['ignore', 'ignore_ament_install']
[0.429s] Level 1:colcon.colcon_core.package_identification:_identify(.) by extension 'ignore'
[0.429s] Level 1:colcon.colcon_core.package_identification:_identify(.) by extension 'ignore_ament_install'
[0.429s] Level 1:colcon.colcon_core.package_identification:_identify(.) by extensions ['colcon_pkg']
[0.429s] Level 1:colcon.colcon_core.package_identification:_identify(.) by extension 'colcon_pkg'
[0.429s] Level 1:colcon.colcon_core.package_identification:_identify(.) by extensions ['colcon_meta']
[0.429s] Level 1:colcon.colcon_core.package_identification:_identify(.) by extension 'colcon_meta'
[0.429s] Level 1:colcon.colcon_core.package_identification:_identify(.) by extensions ['ros']
[0.429s] Level 1:colcon.colcon_core.package_identification:_identify(.) by extension 'ros'
[0.445s] Level 1:colcon.colcon_core.package_identification:_identify(.) by extensions ['cmake', 'python']
[0.445s] Level 1:colcon.colcon_core.package_identification:_identify(.) by extension 'cmake'
[0.445s] Level 1:colcon.colcon_core.package_identification:_identify(.) by extension 'python'
[0.445s] Level 1:colcon.colcon_core.package_identification:_identify(.) by extensions ['python_setup_py']
[0.445s] Level 1:colcon.colcon_core.package_identification:_identify(.) by extension 'python_setup_py'
[0.445s] Level 1:colcon.colcon_core.package_identification:_identify(build) by extensions ['ignore', 'ignore_ament_install']
[0.445s] Level 1:colcon.colcon_core.package_identification:_identify(build) by extension 'ignore'
[0.445s] Level 1:colcon.colcon_core.package_identification:_identify(build) ignored
[0.446s] Level 1:colcon.colcon_core.package_identification:_identify(install) by extensions ['ignore', 'ignore_ament_install']
[0.446s] Level 1:colcon.colcon_core.package_identification:_identify(install) by extension 'ignore'
[0.446s] Level 1:colcon.colcon_core.package_identification:_identify(install) ignored
[0.446s] Level 1:colcon.colcon_core.package_identification:_identify(log) by extensions ['ignore', 'ignore_ament_install']
[0.446s] Level 1:colcon.colcon_core.package_identification:_identify(log) by extension 'ignore'
[0.446s] Level 1:colcon.colcon_core.package_identification:_identify(log) ignored
[0.446s] Level 1:colcon.colcon_core.package_identification:_identify(src) by extensions ['ignore', 'ignore_ament_install']
[0.446s] Level 1:colcon.colcon_core.package_identification:_identify(src) by extension 'ignore'
[0.446s] Level 1:colcon.colcon_core.package_identification:_identify(src) by extension 'ignore_ament_install'
[0.446s] Level 1:colcon.colcon_core.package_identification:_identify(src) by extensions ['colcon_pkg']
[0.446s] Level 1:colcon.colcon_core.package_identification:_identify(src) by extension 'colcon_pkg'
[0.446s] Level 1:colcon.colcon_core.package_identification:_identify(src) by extensions ['colcon_meta']
[0.446s] Level 1:colcon.colcon_core.package_identification:_identify(src) by extension 'colcon_meta'
[0.446s] Level 1:colcon.colcon_core.package_identification:_identify(src) by extensions ['ros']
[0.446s] Level 1:colcon.colcon_core.package_identification:_identify(src) by extension 'ros'
[0.447s] Level 1:colcon.colcon_core.package_identification:_identify(src) by extensions ['cmake', 'python']
[0.447s] Level 1:colcon.colcon_core.package_identification:_identify(src) by extension 'cmake'
[0.447s] Level 1:colcon.colcon_core.package_identification:_identify(src) by extension 'python'
[0.447s] Level 1:colcon.colcon_core.package_identification:_identify(src) by extensions ['python_setup_py']
[0.447s] Level 1:colcon.colcon_core.package_identification:_identify(src) by extension 'python_setup_py'
[0.447s] Level 1:colcon.colcon_core.package_identification:_identify(src/image_publisher_subscriber) by extensions ['ignore', 'ignore_ament_install']
[0.447s] Level 1:colcon.colcon_core.package_identification:_identify(src/image_publisher_subscriber) by extension 'ignore'
[0.447s] Level 1:colcon.colcon_core.package_identification:_identify(src/image_publisher_subscriber) by extension 'ignore_ament_install'
[0.447s] Level 1:colcon.colcon_core.package_identification:_identify(src/image_publisher_subscriber) by extensions ['colcon_pkg']
[0.447s] Level 1:colcon.colcon_core.package_identification:_identify(src/image_publisher_subscriber) by extension 'colcon_pkg'
[0.447s] Level 1:colcon.colcon_core.package_identification:_identify(src/image_publisher_subscriber) by extensions ['colcon_meta']
[0.447s] Level 1:colcon.colcon_core.package_identification:_identify(src/image_publisher_subscriber) by extension 'colcon_meta'
[0.447s] Level 1:colcon.colcon_core.package_identification:_identify(src/image_publisher_subscriber) by extensions ['ros']
[0.447s] Level 1:colcon.colcon_core.package_identification:_identify(src/image_publisher_subscriber) by extension 'ros'
[0.451s] DEBUG:colcon.colcon_core.package_identification:Package 'src/image_publisher_subscriber' with type 'ros.ament_cmake' and name 'image_publisher_subscriber'
[0.451s] Level 1:colcon.colcon_core.package_discovery:discover_packages(recursive) using defaults
[0.451s] Level 1:colcon.colcon_core.package_discovery:discover_packages(ignore) discover
[0.451s] Level 1:colcon.colcon_core.package_discovery:discover_packages(ignore) using defaults
[0.451s] Level 1:colcon.colcon_core.package_discovery:discover_packages(path) discover
[0.451s] Level 1:colcon.colcon_core.package_discovery:discover_packages(path) using defaults
[0.472s] Level 1:colcon.colcon_core.package_discovery:discover_packages(prefix_path) check parameters
[0.472s] Level 1:colcon.colcon_core.package_discovery:discover_packages(prefix_path) discover
[0.474s] DEBUG:colcon.colcon_installed_package_information.package_discovery:Found 1 installed packages in /home/momo/image_transport/install
[0.475s] DEBUG:colcon.colcon_installed_package_information.package_discovery:Found 172 installed packages in /opt/ros/foxy
[0.478s] Level 1:colcon.colcon_core.package_discovery:discover_packages(prefix_path) using defaults
[0.531s] Level 5:colcon.colcon_core.verb:set package 'image_publisher_subscriber' build argument 'cmake_args' from command line to 'None'
[0.531s] Level 5:colcon.colcon_core.verb:set package 'image_publisher_subscriber' build argument 'cmake_target' from command line to 'None'
[0.531s] Level 5:colcon.colcon_core.verb:set package 'image_publisher_subscriber' build argument 'cmake_target_skip_unavailable' from command line to 'False'
[0.531s] Level 5:colcon.colcon_core.verb:set package 'image_publisher_subscriber' build argument 'cmake_clean_cache' from command line to 'False'
[0.531s] Level 5:colcon.colcon_core.verb:set package 'image_publisher_subscriber' build argument 'cmake_clean_first' from command line to 'False'
[0.531s] Level 5:colcon.colcon_core.verb:set package 'image_publisher_subscriber' build argument 'cmake_force_configure' from command line to 'False'
[0.531s] Level 5:colcon.colcon_core.verb:set package 'image_publisher_subscriber' build argument 'ament_cmake_args' from command line to 'None'
[0.531s] Level 5:colcon.colcon_core.verb:set package 'image_publisher_subscriber' build argument 'catkin_cmake_args' from command line to 'None'
[0.531s] Level 5:colcon.colcon_core.verb:set package 'image_publisher_subscriber' build argument 'catkin_skip_building_tests' from command line to 'False'
[0.531s] DEBUG:colcon.colcon_core.verb:Building package 'image_publisher_subscriber' with the following arguments: {'ament_cmake_args': None, 'build_base': '/home/momo/image_transport/build/image_publisher_subscriber', 'catkin_cmake_args': None, 'catkin_skip_building_tests': False, 'cmake_args': None, 'cmake_clean_cache': False, 'cmake_clean_first': False, 'cmake_force_configure': False, 'cmake_target': None, 'cmake_target_skip_unavailable': False, 'install_base': '/home/momo/image_transport/install/image_publisher_subscriber', 'merge_install': False, 'path': '/home/momo/image_transport/src/image_publisher_subscriber', 'symlink_install': False, 'test_result_base': None}
[0.532s] INFO:colcon.colcon_core.executor:Executing jobs using 'parallel' executor
[0.533s] DEBUG:colcon.colcon_parallel_executor.executor.parallel:run_until_complete
[0.534s] INFO:colcon.colcon_ros.task.ament_cmake.build:Building ROS package in '/home/momo/image_transport/src/image_publisher_subscriber' with build type 'ament_cmake'
[0.534s] INFO:colcon.colcon_cmake.task.cmake.build:Building CMake package in '/home/momo/image_transport/src/image_publisher_subscriber'
[0.537s] INFO:colcon.colcon_core.plugin_system:Skipping extension 'colcon_core.shell.bat': Not used on non-Windows systems
[0.537s] INFO:colcon.colcon_core.shell:Skip shell extension 'powershell' for command environment: Not usable outside of PowerShell
[0.537s] DEBUG:colcon.colcon_core.shell:Skip shell extension 'dsv' for command environment
[0.564s] DEBUG:colcon.colcon_core.event_handler.log_command:Invoking command in '/home/momo/image_transport/build/image_publisher_subscriber': CMAKE_PREFIX_PATH=${CMAKE_PREFIX_PATH}:/opt/ros/foxy /usr/bin/cmake --build /home/momo/image_transport/build/image_publisher_subscriber -- -j8 -l8
[6.988s] DEBUG:colcon.colcon_core.event_handler.log_command:Invoked command in '/home/momo/image_transport/build/image_publisher_subscriber' returned '0': CMAKE_PREFIX_PATH=${CMAKE_PREFIX_PATH}:/opt/ros/foxy /usr/bin/cmake --build /home/momo/image_transport/build/image_publisher_subscriber -- -j8 -l8
[7.076s] DEBUG:colcon.colcon_core.event_handler.log_command:Invoking command in '/home/momo/image_transport/build/image_publisher_subscriber': CMAKE_PREFIX_PATH=${CMAKE_PREFIX_PATH}:/opt/ros/foxy /usr/bin/cmake --install /home/momo/image_transport/build/image_publisher_subscriber
[7.097s] Level 1:colcon.colcon_core.environment:create_environment_scripts_only(image_publisher_subscriber)
[7.098s] DEBUG:colcon.colcon_core.event_handler.log_command:Invoked command in '/home/momo/image_transport/build/image_publisher_subscriber' returned '0': CMAKE_PREFIX_PATH=${CMAKE_PREFIX_PATH}:/opt/ros/foxy /usr/bin/cmake --install /home/momo/image_transport/build/image_publisher_subscriber
[7.101s] Level 1:colcon.colcon_core.environment:checking '/home/momo/image_transport/install/image_publisher_subscriber' for CMake module files
[7.103s] Level 1:colcon.colcon_core.environment:checking '/home/momo/image_transport/install/image_publisher_subscriber' for CMake config files
[7.104s] Level 1:colcon.colcon_core.shell:create_environment_hook('image_publisher_subscriber', 'cmake_prefix_path')
[7.105s] INFO:colcon.colcon_core.shell:Creating environment hook '/home/momo/image_transport/install/image_publisher_subscriber/share/image_publisher_subscriber/hook/cmake_prefix_path.ps1'
[7.108s] INFO:colcon.colcon_core.shell:Creating environment descriptor '/home/momo/image_transport/install/image_publisher_subscriber/share/image_publisher_subscriber/hook/cmake_prefix_path.dsv'
[7.108s] INFO:colcon.colcon_core.shell:Creating environment hook '/home/momo/image_transport/install/image_publisher_subscriber/share/image_publisher_subscriber/hook/cmake_prefix_path.sh'
[7.110s] Level 1:colcon.colcon_core.environment:checking '/home/momo/image_transport/install/image_publisher_subscriber/lib'
[7.110s] Level 1:colcon.colcon_core.environment:checking '/home/momo/image_transport/install/image_publisher_subscriber/bin'
[7.110s] Level 1:colcon.colcon_core.environment:checking '/home/momo/image_transport/install/image_publisher_subscriber/lib/pkgconfig/image_publisher_subscriber.pc'
[7.110s] Level 1:colcon.colcon_core.environment:checking '/home/momo/image_transport/install/image_publisher_subscriber/lib/python3.8/site-packages'
[7.111s] Level 1:colcon.colcon_core.environment:checking '/home/momo/image_transport/install/image_publisher_subscriber/bin'
[7.111s] INFO:colcon.colcon_core.shell:Creating package script '/home/momo/image_transport/install/image_publisher_subscriber/share/image_publisher_subscriber/package.ps1'
[7.112s] INFO:colcon.colcon_core.shell:Creating package descriptor '/home/momo/image_transport/install/image_publisher_subscriber/share/image_publisher_subscriber/package.dsv'
[7.113s] INFO:colcon.colcon_core.shell:Creating package script '/home/momo/image_transport/install/image_publisher_subscriber/share/image_publisher_subscriber/package.sh'
[7.114s] INFO:colcon.colcon_core.shell:Creating package script '/home/momo/image_transport/install/image_publisher_subscriber/share/image_publisher_subscriber/package.bash'
[7.115s] INFO:colcon.colcon_core.shell:Creating package script '/home/momo/image_transport/install/image_publisher_subscriber/share/image_publisher_subscriber/package.zsh'
[7.116s] Level 1:colcon.colcon_core.environment:create_file_with_runtime_dependencies(/home/momo/image_transport/install/image_publisher_subscriber/share/colcon-core/packages/image_publisher_subscriber)
[7.182s] Level 1:colcon.colcon_core.environment:create_environment_scripts_only(image_publisher_subscriber)
[7.183s] Level 1:colcon.colcon_core.environment:checking '/home/momo/image_transport/install/image_publisher_subscriber' for CMake module files
[7.185s] Level 1:colcon.colcon_core.environment:checking '/home/momo/image_transport/install/image_publisher_subscriber' for CMake config files
[7.185s] Level 1:colcon.colcon_core.shell:create_environment_hook('image_publisher_subscriber', 'cmake_prefix_path')
[7.186s] INFO:colcon.colcon_core.shell:Creating environment hook '/home/momo/image_transport/install/image_publisher_subscriber/share/image_publisher_subscriber/hook/cmake_prefix_path.ps1'
[7.188s] INFO:colcon.colcon_core.shell:Creating environment descriptor '/home/momo/image_transport/install/image_publisher_subscriber/share/image_publisher_subscriber/hook/cmake_prefix_path.dsv'
[7.189s] INFO:colcon.colcon_core.shell:Creating environment hook '/home/momo/image_transport/install/image_publisher_subscriber/share/image_publisher_subscriber/hook/cmake_prefix_path.sh'
[7.191s] Level 1:colcon.colcon_core.environment:checking '/home/momo/image_transport/install/image_publisher_subscriber/lib'
[7.191s] Level 1:colcon.colcon_core.environment:checking '/home/momo/image_transport/install/image_publisher_subscriber/bin'
[7.191s] Level 1:colcon.colcon_core.environment:checking '/home/momo/image_transport/install/image_publisher_subscriber/lib/pkgconfig/image_publisher_subscriber.pc'
[7.192s] Level 1:colcon.colcon_core.environment:checking '/home/momo/image_transport/install/image_publisher_subscriber/lib/python3.8/site-packages'
[7.193s] Level 1:colcon.colcon_core.environment:checking '/home/momo/image_transport/install/image_publisher_subscriber/bin'
[7.193s] INFO:colcon.colcon_core.shell:Creating package script '/home/momo/image_transport/install/image_publisher_subscriber/share/image_publisher_subscriber/package.ps1'
[7.195s] INFO:colcon.colcon_core.shell:Creating package descriptor '/home/momo/image_transport/install/image_publisher_subscriber/share/image_publisher_subscriber/package.dsv'
[7.196s] INFO:colcon.colcon_core.shell:Creating package script '/home/momo/image_transport/install/image_publisher_subscriber/share/image_publisher_subscriber/package.sh'
[7.197s] INFO:colcon.colcon_core.shell:Creating package script '/home/momo/image_transport/install/image_publisher_subscriber/share/image_publisher_subscriber/package.bash'
[7.198s] INFO:colcon.colcon_core.shell:Creating package script '/home/momo/image_transport/install/image_publisher_subscriber/share/image_publisher_subscriber/package.zsh'
[7.199s] Level 1:colcon.colcon_core.environment:create_file_with_runtime_dependencies(/home/momo/image_transport/install/image_publisher_subscriber/share/colcon-core/packages/image_publisher_subscriber)
[7.200s] DEBUG:colcon.colcon_parallel_executor.executor.parallel:closing loop
[7.200s] DEBUG:colcon.colcon_parallel_executor.executor.parallel:loop closed
[7.200s] DEBUG:colcon.colcon_parallel_executor.executor.parallel:run_until_complete finished with '0'
[7.200s] DEBUG:colcon.colcon_core.event_reactor:joining thread
[7.223s] INFO:colcon.colcon_core.plugin_system:Skipping extension 'colcon_notification.desktop_notification.terminal_notifier': Not used on non-Darwin systems
[7.223s] INFO:colcon.colcon_core.plugin_system:Skipping extension 'colcon_notification.desktop_notification.win32': Not used on non-Windows systems
[7.223s] INFO:colcon.colcon_notification.desktop_notification:Sending desktop notification using 'notify2'
[7.268s] DEBUG:colcon.colcon_core.event_reactor:joined thread
[7.269s] INFO:colcon.colcon_core.shell:Creating prefix script '/home/momo/image_transport/install/local_setup.ps1'
[7.273s] INFO:colcon.colcon_core.shell:Creating prefix util module '/home/momo/image_transport/install/_local_setup_util_ps1.py'
[7.287s] INFO:colcon.colcon_core.shell:Creating prefix chain script '/home/momo/image_transport/install/setup.ps1'
[7.298s] INFO:colcon.colcon_core.shell:Creating prefix script '/home/momo/image_transport/install/local_setup.sh'
[7.300s] INFO:colcon.colcon_core.shell:Creating prefix util module '/home/momo/image_transport/install/_local_setup_util_sh.py'
[7.302s] INFO:colcon.colcon_core.shell:Creating prefix chain script '/home/momo/image_transport/install/setup.sh'
[7.304s] INFO:colcon.colcon_core.shell:Creating prefix script '/home/momo/image_transport/install/local_setup.bash'
[7.305s] INFO:colcon.colcon_core.shell:Creating prefix chain script '/home/momo/image_transport/install/setup.bash'
[7.308s] INFO:colcon.colcon_core.shell:Creating prefix script '/home/momo/image_transport/install/local_setup.zsh'
[7.309s] INFO:colcon.colcon_core.shell:Creating prefix chain script '/home/momo/image_transport/install/setup.zsh'
