[0.331s] DEBUG:colcon:Command line arguments: ['/usr/bin/colcon', 'build', '--packages-select', 'image_publisher_subscriber']
[0.331s] DEBUG:colcon:Parsed command line arguments: Namespace(allow_overriding=[], ament_cmake_args=None, base_paths=['.'], build_base='build', catkin_cmake_args=None, catkin_skip_building_tests=False, cmake_args=None, cmake_clean_cache=False, cmake_clean_first=False, cmake_force_configure=False, cmake_target=None, cmake_target_skip_unavailable=False, continue_on_error=False, event_handlers=None, executor='parallel', ignore_user_meta=False, install_base='install', log_base=None, log_level=None, main=<bound method BuildVerb.main of <colcon_core.verb.build.BuildVerb object at 0x7f26818d6dc0>>, merge_install=False, metas=['./colcon.meta'], mixin=None, mixin_files=None, mixin_verb=('build',), packages_above=None, packages_above_and_dependencies=None, packages_above_depth=None, packages_end=None, packages_ignore=None, packages_ignore_regex=None, packages_select=['image_publisher_subscriber'], packages_select_build_failed=False, packages_select_by_dep=None, packages_select_regex=None, packages_select_test_failures=False, packages_skip=None, packages_skip_build_finished=False, packages_skip_by_dep=None, packages_skip_regex=None, packages_skip_test_passed=False, packages_skip_up_to=None, packages_start=None, packages_up_to=None, packages_up_to_regex=None, parallel_workers=8, paths=None, symlink_install=False, test_result_base=None, verb_extension=<colcon_core.verb.build.BuildVerb object at 0x7f26818d6dc0>, verb_name='build', verb_parser=<colcon_mixin.mixin.mixin_argument.MixinArgumentDecorator object at 0x7f2681796d30>)
[0.483s] Level 1:colcon.colcon_core.package_discovery:discover_packages(colcon_meta) check parameters
[0.483s] Level 1:colcon.colcon_core.package_discovery:discover_packages(recursive) check parameters
[0.483s] Level 1:colcon.colcon_core.package_discovery:discover_packages(ignore) check parameters
[0.483s] Level 1:colcon.colcon_core.package_discovery:discover_packages(path) check parameters
[0.483s] Level 1:colcon.colcon_core.package_discovery:discover_packages(colcon_meta) discover
[0.483s] Level 1:colcon.colcon_core.package_discovery:discover_packages(recursive) discover
[0.483s] INFO:colcon.colcon_core.package_discovery:Crawling recursively for packages in '/home/momo/image_transport'
[0.483s] Level 1:colcon.colcon_core.package_identification:_identify(.) by extensions ['ignore', 'ignore_ament_install']
[0.483s] Level 1:colcon.colcon_core.package_identification:_identify(.) by extension 'ignore'
[0.483s] Level 1:colcon.colcon_core.package_identification:_identify(.) by extension 'ignore_ament_install'
[0.483s] Level 1:colcon.colcon_core.package_identification:_identify(.) by extensions ['colcon_pkg']
[0.483s] Level 1:colcon.colcon_core.package_identification:_identify(.) by extension 'colcon_pkg'
[0.484s] Level 1:colcon.colcon_core.package_identification:_identify(.) by extensions ['colcon_meta']
[0.484s] Level 1:colcon.colcon_core.package_identification:_identify(.) by extension 'colcon_meta'
[0.484s] Level 1:colcon.colcon_core.package_identification:_identify(.) by extensions ['ros']
[0.484s] Level 1:colcon.colcon_core.package_identification:_identify(.) by extension 'ros'
[0.499s] Level 1:colcon.colcon_core.package_identification:_identify(.) by extensions ['cmake', 'python']
[0.499s] Level 1:colcon.colcon_core.package_identification:_identify(.) by extension 'cmake'
[0.499s] Level 1:colcon.colcon_core.package_identification:_identify(.) by extension 'python'
[0.499s] Level 1:colcon.colcon_core.package_identification:_identify(.) by extensions ['python_setup_py']
[0.499s] Level 1:colcon.colcon_core.package_identification:_identify(.) by extension 'python_setup_py'
[0.499s] Level 1:colcon.colcon_core.package_identification:_identify(build) by extensions ['ignore', 'ignore_ament_install']
[0.499s] Level 1:colcon.colcon_core.package_identification:_identify(build) by extension 'ignore'
[0.499s] Level 1:colcon.colcon_core.package_identification:_identify(build) ignored
[0.499s] Level 1:colcon.colcon_core.package_identification:_identify(install) by extensions ['ignore', 'ignore_ament_install']
[0.499s] Level 1:colcon.colcon_core.package_identification:_identify(install) by extension 'ignore'
[0.499s] Level 1:colcon.colcon_core.package_identification:_identify(install) ignored
[0.500s] Level 1:colcon.colcon_core.package_identification:_identify(log) by extensions ['ignore', 'ignore_ament_install']
[0.500s] Level 1:colcon.colcon_core.package_identification:_identify(log) by extension 'ignore'
[0.500s] Level 1:colcon.colcon_core.package_identification:_identify(log) ignored
[0.500s] Level 1:colcon.colcon_core.package_identification:_identify(src) by extensions ['ignore', 'ignore_ament_install']
[0.500s] Level 1:colcon.colcon_core.package_identification:_identify(src) by extension 'ignore'
[0.500s] Level 1:colcon.colcon_core.package_identification:_identify(src) by extension 'ignore_ament_install'
[0.500s] Level 1:colcon.colcon_core.package_identification:_identify(src) by extensions ['colcon_pkg']
[0.500s] Level 1:colcon.colcon_core.package_identification:_identify(src) by extension 'colcon_pkg'
[0.500s] Level 1:colcon.colcon_core.package_identification:_identify(src) by extensions ['colcon_meta']
[0.500s] Level 1:colcon.colcon_core.package_identification:_identify(src) by extension 'colcon_meta'
[0.500s] Level 1:colcon.colcon_core.package_identification:_identify(src) by extensions ['ros']
[0.500s] Level 1:colcon.colcon_core.package_identification:_identify(src) by extension 'ros'
[0.500s] Level 1:colcon.colcon_core.package_identification:_identify(src) by extensions ['cmake', 'python']
[0.500s] Level 1:colcon.colcon_core.package_identification:_identify(src) by extension 'cmake'
[0.500s] Level 1:colcon.colcon_core.package_identification:_identify(src) by extension 'python'
[0.500s] Level 1:colcon.colcon_core.package_identification:_identify(src) by extensions ['python_setup_py']
[0.500s] Level 1:colcon.colcon_core.package_identification:_identify(src) by extension 'python_setup_py'
[0.501s] Level 1:colcon.colcon_core.package_identification:_identify(src/image_publisher_subscriber) by extensions ['ignore', 'ignore_ament_install']
[0.501s] Level 1:colcon.colcon_core.package_identification:_identify(src/image_publisher_subscriber) by extension 'ignore'
[0.501s] Level 1:colcon.colcon_core.package_identification:_identify(src/image_publisher_subscriber) by extension 'ignore_ament_install'
[0.501s] Level 1:colcon.colcon_core.package_identification:_identify(src/image_publisher_subscriber) by extensions ['colcon_pkg']
[0.501s] Level 1:colcon.colcon_core.package_identification:_identify(src/image_publisher_subscriber) by extension 'colcon_pkg'
[0.501s] Level 1:colcon.colcon_core.package_identification:_identify(src/image_publisher_subscriber) by extensions ['colcon_meta']
[0.501s] Level 1:colcon.colcon_core.package_identification:_identify(src/image_publisher_subscriber) by extension 'colcon_meta'
[0.501s] Level 1:colcon.colcon_core.package_identification:_identify(src/image_publisher_subscriber) by extensions ['ros']
[0.501s] Level 1:colcon.colcon_core.package_identification:_identify(src/image_publisher_subscriber) by extension 'ros'
[0.505s] DEBUG:colcon.colcon_core.package_identification:Package 'src/image_publisher_subscriber' with type 'ros.ament_cmake' and name 'image_publisher_subscriber'
[0.505s] Level 1:colcon.colcon_core.package_discovery:discover_packages(recursive) using defaults
[0.505s] Level 1:colcon.colcon_core.package_discovery:discover_packages(ignore) discover
[0.505s] Level 1:colcon.colcon_core.package_discovery:discover_packages(ignore) using defaults
[0.505s] Level 1:colcon.colcon_core.package_discovery:discover_packages(path) discover
[0.505s] Level 1:colcon.colcon_core.package_discovery:discover_packages(path) using defaults
[0.525s] Level 1:colcon.colcon_core.package_discovery:discover_packages(prefix_path) check parameters
[0.525s] Level 1:colcon.colcon_core.package_discovery:discover_packages(prefix_path) discover
[0.527s] DEBUG:colcon.colcon_installed_package_information.package_discovery:Found 1 installed packages in /home/momo/image_transport/install
[0.529s] DEBUG:colcon.colcon_installed_package_information.package_discovery:Found 172 installed packages in /opt/ros/foxy
[0.532s] Level 1:colcon.colcon_core.package_discovery:discover_packages(prefix_path) using defaults
[0.583s] Level 5:colcon.colcon_core.verb:set package 'image_publisher_subscriber' build argument 'cmake_args' from command line to 'None'
[0.583s] Level 5:colcon.colcon_core.verb:set package 'image_publisher_subscriber' build argument 'cmake_target' from command line to 'None'
[0.583s] Level 5:colcon.colcon_core.verb:set package 'image_publisher_subscriber' build argument 'cmake_target_skip_unavailable' from command line to 'False'
[0.583s] Level 5:colcon.colcon_core.verb:set package 'image_publisher_subscriber' build argument 'cmake_clean_cache' from command line to 'False'
[0.583s] Level 5:colcon.colcon_core.verb:set package 'image_publisher_subscriber' build argument 'cmake_clean_first' from command line to 'False'
[0.584s] Level 5:colcon.colcon_core.verb:set package 'image_publisher_subscriber' build argument 'cmake_force_configure' from command line to 'False'
[0.584s] Level 5:colcon.colcon_core.verb:set package 'image_publisher_subscriber' build argument 'ament_cmake_args' from command line to 'None'
[0.584s] Level 5:colcon.colcon_core.verb:set package 'image_publisher_subscriber' build argument 'catkin_cmake_args' from command line to 'None'
[0.584s] Level 5:colcon.colcon_core.verb:set package 'image_publisher_subscriber' build argument 'catkin_skip_building_tests' from command line to 'False'
[0.584s] DEBUG:colcon.colcon_core.verb:Building package 'image_publisher_subscriber' with the following arguments: {'ament_cmake_args': None, 'build_base': '/home/momo/image_transport/build/image_publisher_subscriber', 'catkin_cmake_args': None, 'catkin_skip_building_tests': False, 'cmake_args': None, 'cmake_clean_cache': False, 'cmake_clean_first': False, 'cmake_force_configure': False, 'cmake_target': None, 'cmake_target_skip_unavailable': False, 'install_base': '/home/momo/image_transport/install/image_publisher_subscriber', 'merge_install': False, 'path': '/home/momo/image_transport/src/image_publisher_subscriber', 'symlink_install': False, 'test_result_base': None}
[0.584s] INFO:colcon.colcon_core.executor:Executing jobs using 'parallel' executor
[0.585s] DEBUG:colcon.colcon_parallel_executor.executor.parallel:run_until_complete
[0.586s] INFO:colcon.colcon_ros.task.ament_cmake.build:Building ROS package in '/home/momo/image_transport/src/image_publisher_subscriber' with build type 'ament_cmake'
[0.586s] INFO:colcon.colcon_cmake.task.cmake.build:Building CMake package in '/home/momo/image_transport/src/image_publisher_subscriber'
[0.589s] INFO:colcon.colcon_core.plugin_system:Skipping extension 'colcon_core.shell.bat': Not used on non-Windows systems
[0.589s] INFO:colcon.colcon_core.shell:Skip shell extension 'powershell' for command environment: Not usable outside of PowerShell
[0.589s] DEBUG:colcon.colcon_core.shell:Skip shell extension 'dsv' for command environment
[0.613s] DEBUG:colcon.colcon_core.event_handler.log_command:Invoking command in '/home/momo/image_transport/build/image_publisher_subscriber': CMAKE_PREFIX_PATH=${CMAKE_PREFIX_PATH}:/opt/ros/foxy /usr/bin/cmake --build /home/momo/image_transport/build/image_publisher_subscriber -- -j8 -l8
[6.860s] DEBUG:colcon.colcon_core.event_handler.log_command:Invoked command in '/home/momo/image_transport/build/image_publisher_subscriber' returned '0': CMAKE_PREFIX_PATH=${CMAKE_PREFIX_PATH}:/opt/ros/foxy /usr/bin/cmake --build /home/momo/image_transport/build/image_publisher_subscriber -- -j8 -l8
[6.973s] DEBUG:colcon.colcon_core.event_handler.log_command:Invoking command in '/home/momo/image_transport/build/image_publisher_subscriber': CMAKE_PREFIX_PATH=${CMAKE_PREFIX_PATH}:/opt/ros/foxy /usr/bin/cmake --install /home/momo/image_transport/build/image_publisher_subscriber
[7.010s] Level 1:colcon.colcon_core.environment:create_environment_scripts_only(image_publisher_subscriber)
[7.012s] DEBUG:colcon.colcon_core.event_handler.log_command:Invoked command in '/home/momo/image_transport/build/image_publisher_subscriber' returned '0': CMAKE_PREFIX_PATH=${CMAKE_PREFIX_PATH}:/opt/ros/foxy /usr/bin/cmake --install /home/momo/image_transport/build/image_publisher_subscriber
[7.022s] Level 1:colcon.colcon_core.environment:checking '/home/momo/image_transport/install/image_publisher_subscriber' for CMake module files
[7.024s] Level 1:colcon.colcon_core.environment:checking '/home/momo/image_transport/install/image_publisher_subscriber' for CMake config files
[7.026s] Level 1:colcon.colcon_core.shell:create_environment_hook('image_publisher_subscriber', 'cmake_prefix_path')
[7.027s] INFO:colcon.colcon_core.shell:Creating environment hook '/home/momo/image_transport/install/image_publisher_subscriber/share/image_publisher_subscriber/hook/cmake_prefix_path.ps1'
[7.030s] INFO:colcon.colcon_core.shell:Creating environment descriptor '/home/momo/image_transport/install/image_publisher_subscriber/share/image_publisher_subscriber/hook/cmake_prefix_path.dsv'
[7.032s] INFO:colcon.colcon_core.shell:Creating environment hook '/home/momo/image_transport/install/image_publisher_subscriber/share/image_publisher_subscriber/hook/cmake_prefix_path.sh'
[7.036s] Level 1:colcon.colcon_core.environment:checking '/home/momo/image_transport/install/image_publisher_subscriber/lib'
[7.036s] Level 1:colcon.colcon_core.environment:checking '/home/momo/image_transport/install/image_publisher_subscriber/bin'
[7.036s] Level 1:colcon.colcon_core.environment:checking '/home/momo/image_transport/install/image_publisher_subscriber/lib/pkgconfig/image_publisher_subscriber.pc'
[7.037s] Level 1:colcon.colcon_core.environment:checking '/home/momo/image_transport/install/image_publisher_subscriber/lib/python3.8/site-packages'
[7.038s] Level 1:colcon.colcon_core.environment:checking '/home/momo/image_transport/install/image_publisher_subscriber/bin'
[7.039s] INFO:colcon.colcon_core.shell:Creating package script '/home/momo/image_transport/install/image_publisher_subscriber/share/image_publisher_subscriber/package.ps1'
[7.041s] INFO:colcon.colcon_core.shell:Creating package descriptor '/home/momo/image_transport/install/image_publisher_subscriber/share/image_publisher_subscriber/package.dsv'
[7.042s] INFO:colcon.colcon_core.shell:Creating package script '/home/momo/image_transport/install/image_publisher_subscriber/share/image_publisher_subscriber/package.sh'
[7.044s] INFO:colcon.colcon_core.shell:Creating package script '/home/momo/image_transport/install/image_publisher_subscriber/share/image_publisher_subscriber/package.bash'
[7.046s] INFO:colcon.colcon_core.shell:Creating package script '/home/momo/image_transport/install/image_publisher_subscriber/share/image_publisher_subscriber/package.zsh'
[7.048s] Level 1:colcon.colcon_core.environment:create_file_with_runtime_dependencies(/home/momo/image_transport/install/image_publisher_subscriber/share/colcon-core/packages/image_publisher_subscriber)
[7.123s] Level 1:colcon.colcon_core.environment:create_environment_scripts_only(image_publisher_subscriber)
[7.125s] Level 1:colcon.colcon_core.environment:checking '/home/momo/image_transport/install/image_publisher_subscriber' for CMake module files
[7.128s] Level 1:colcon.colcon_core.environment:checking '/home/momo/image_transport/install/image_publisher_subscriber' for CMake config files
[7.129s] Level 1:colcon.colcon_core.shell:create_environment_hook('image_publisher_subscriber', 'cmake_prefix_path')
[7.130s] INFO:colcon.colcon_core.shell:Creating environment hook '/home/momo/image_transport/install/image_publisher_subscriber/share/image_publisher_subscriber/hook/cmake_prefix_path.ps1'
[7.132s] INFO:colcon.colcon_core.shell:Creating environment descriptor '/home/momo/image_transport/install/image_publisher_subscriber/share/image_publisher_subscriber/hook/cmake_prefix_path.dsv'
[7.135s] INFO:colcon.colcon_core.shell:Creating environment hook '/home/momo/image_transport/install/image_publisher_subscriber/share/image_publisher_subscriber/hook/cmake_prefix_path.sh'
[7.137s] Level 1:colcon.colcon_core.environment:checking '/home/momo/image_transport/install/image_publisher_subscriber/lib'
[7.137s] Level 1:colcon.colcon_core.environment:checking '/home/momo/image_transport/install/image_publisher_subscriber/bin'
[7.137s] Level 1:colcon.colcon_core.environment:checking '/home/momo/image_transport/install/image_publisher_subscriber/lib/pkgconfig/image_publisher_subscriber.pc'
[7.139s] Level 1:colcon.colcon_core.environment:checking '/home/momo/image_transport/install/image_publisher_subscriber/lib/python3.8/site-packages'
[7.140s] Level 1:colcon.colcon_core.environment:checking '/home/momo/image_transport/install/image_publisher_subscriber/bin'
[7.141s] INFO:colcon.colcon_core.shell:Creating package script '/home/momo/image_transport/install/image_publisher_subscriber/share/image_publisher_subscriber/package.ps1'
[7.143s] INFO:colcon.colcon_core.shell:Creating package descriptor '/home/momo/image_transport/install/image_publisher_subscriber/share/image_publisher_subscriber/package.dsv'
[7.144s] INFO:colcon.colcon_core.shell:Creating package script '/home/momo/image_transport/install/image_publisher_subscriber/share/image_publisher_subscriber/package.sh'
[7.146s] INFO:colcon.colcon_core.shell:Creating package script '/home/momo/image_transport/install/image_publisher_subscriber/share/image_publisher_subscriber/package.bash'
[7.147s] INFO:colcon.colcon_core.shell:Creating package script '/home/momo/image_transport/install/image_publisher_subscriber/share/image_publisher_subscriber/package.zsh'
[7.148s] Level 1:colcon.colcon_core.environment:create_file_with_runtime_dependencies(/home/momo/image_transport/install/image_publisher_subscriber/share/colcon-core/packages/image_publisher_subscriber)
[7.149s] DEBUG:colcon.colcon_parallel_executor.executor.parallel:closing loop
[7.150s] DEBUG:colcon.colcon_parallel_executor.executor.parallel:loop closed
[7.150s] DEBUG:colcon.colcon_parallel_executor.executor.parallel:run_until_complete finished with '0'
[7.151s] DEBUG:colcon.colcon_core.event_reactor:joining thread
[7.179s] INFO:colcon.colcon_core.plugin_system:Skipping extension 'colcon_notification.desktop_notification.terminal_notifier': Not used on non-Darwin systems
[7.180s] INFO:colcon.colcon_core.plugin_system:Skipping extension 'colcon_notification.desktop_notification.win32': Not used on non-Windows systems
[7.180s] INFO:colcon.colcon_notification.desktop_notification:Sending desktop notification using 'notify2'
[7.222s] DEBUG:colcon.colcon_core.event_reactor:joined thread
[7.222s] INFO:colcon.colcon_core.shell:Creating prefix script '/home/momo/image_transport/install/local_setup.ps1'
[7.224s] INFO:colcon.colcon_core.shell:Creating prefix util module '/home/momo/image_transport/install/_local_setup_util_ps1.py'
[7.227s] INFO:colcon.colcon_core.shell:Creating prefix chain script '/home/momo/image_transport/install/setup.ps1'
[7.228s] INFO:colcon.colcon_core.shell:Creating prefix script '/home/momo/image_transport/install/local_setup.sh'
[7.229s] INFO:colcon.colcon_core.shell:Creating prefix util module '/home/momo/image_transport/install/_local_setup_util_sh.py'
[7.230s] INFO:colcon.colcon_core.shell:Creating prefix chain script '/home/momo/image_transport/install/setup.sh'
[7.231s] INFO:colcon.colcon_core.shell:Creating prefix script '/home/momo/image_transport/install/local_setup.bash'
[7.232s] INFO:colcon.colcon_core.shell:Creating prefix chain script '/home/momo/image_transport/install/setup.bash'
[7.234s] INFO:colcon.colcon_core.shell:Creating prefix script '/home/momo/image_transport/install/local_setup.zsh'
[7.235s] INFO:colcon.colcon_core.shell:Creating prefix chain script '/home/momo/image_transport/install/setup.zsh'
