[0.322s] DEBUG:colcon:Command line arguments: ['/usr/local/bin/colcon', 'build']
[0.322s] DEBUG:colcon:Parsed command line arguments: Namespace(ament_cmake_args=None, base_paths=['.'], build_base='build', catkin_cmake_args=None, catkin_skip_building_tests=False, cmake_args=None, cmake_clean_cache=False, cmake_clean_first=False, cmake_force_configure=False, cmake_target=None, cmake_target_skip_unavailable=False, continue_on_error=False, event_handlers=None, executor='parallel', ignore_user_meta=False, install_base='install', log_base=None, log_level=None, main=<bound method BuildVerb.main of <colcon_core.verb.build.BuildVerb object at 0x7f1a9ea906a0>>, merge_install=False, metas=['./colcon.meta'], packages_above=None, packages_above_and_dependencies=None, packages_above_depth=None, packages_end=None, packages_ignore=None, packages_ignore_regex=None, packages_select=None, packages_select_build_failed=False, packages_select_by_dep=None, packages_select_regex=None, packages_select_test_failures=False, packages_skip=None, packages_skip_build_finished=False, packages_skip_by_dep=None, packages_skip_regex=None, packages_skip_test_passed=False, packages_skip_up_to=None, packages_start=None, packages_up_to=None, packages_up_to_regex=None, parallel_workers=8, paths=None, symlink_install=False, test_result_base=None, verb_extension=<colcon_core.verb.build.BuildVerb object at 0x7f1a9ea906a0>, verb_name='build', verb_parser=<colcon_defaults.argument_parser.defaults.DefaultArgumentsDecorator object at 0x7f1a9ea4a940>)
[0.565s] Level 1:colcon.colcon_core.package_discovery:discover_packages(colcon_meta) check parameters
[0.565s] Level 1:colcon.colcon_core.package_discovery:discover_packages(recursive) check parameters
[0.565s] Level 1:colcon.colcon_core.package_discovery:discover_packages(ignore) check parameters
[0.565s] Level 1:colcon.colcon_core.package_discovery:discover_packages(path) check parameters
[0.565s] Level 1:colcon.colcon_core.package_discovery:discover_packages(colcon_meta) discover
[0.565s] Level 1:colcon.colcon_core.package_discovery:discover_packages(recursive) discover
[0.565s] INFO:colcon.colcon_core.package_discovery:Crawling recursively for packages in '/root/Image_transport'
[0.565s] Level 1:colcon.colcon_core.package_identification:_identify(.) by extensions ['ignore', 'ignore_ament_install']
[0.566s] Level 1:colcon.colcon_core.package_identification:_identify(.) by extension 'ignore'
[0.566s] Level 1:colcon.colcon_core.package_identification:_identify(.) by extension 'ignore_ament_install'
[0.566s] Level 1:colcon.colcon_core.package_identification:_identify(.) by extensions ['colcon_pkg']
[0.566s] Level 1:colcon.colcon_core.package_identification:_identify(.) by extension 'colcon_pkg'
[0.566s] Level 1:colcon.colcon_core.package_identification:_identify(.) by extensions ['colcon_meta']
[0.566s] Level 1:colcon.colcon_core.package_identification:_identify(.) by extension 'colcon_meta'
[0.566s] Level 1:colcon.colcon_core.package_identification:_identify(.) by extensions ['ros']
[0.566s] Level 1:colcon.colcon_core.package_identification:_identify(.) by extension 'ros'
[0.582s] Level 1:colcon.colcon_core.package_identification:_identify(.) by extensions ['cmake', 'python']
[0.582s] Level 1:colcon.colcon_core.package_identification:_identify(.) by extension 'cmake'
[0.582s] Level 1:colcon.colcon_core.package_identification:_identify(.) by extension 'python'
[0.582s] Level 1:colcon.colcon_core.package_identification:_identify(.) by extensions ['python_setup_py']
[0.582s] Level 1:colcon.colcon_core.package_identification:_identify(.) by extension 'python_setup_py'
[0.583s] Level 1:colcon.colcon_core.package_identification:_identify(build) by extensions ['ignore', 'ignore_ament_install']
[0.583s] Level 1:colcon.colcon_core.package_identification:_identify(build) by extension 'ignore'
[0.583s] Level 1:colcon.colcon_core.package_identification:_identify(build) ignored
[0.583s] Level 1:colcon.colcon_core.package_identification:_identify(install) by extensions ['ignore', 'ignore_ament_install']
[0.583s] Level 1:colcon.colcon_core.package_identification:_identify(install) by extension 'ignore'
[0.583s] Level 1:colcon.colcon_core.package_identification:_identify(install) ignored
[0.583s] Level 1:colcon.colcon_core.package_identification:_identify(log) by extensions ['ignore', 'ignore_ament_install']
[0.583s] Level 1:colcon.colcon_core.package_identification:_identify(log) by extension 'ignore'
[0.583s] Level 1:colcon.colcon_core.package_identification:_identify(log) ignored
[0.583s] Level 1:colcon.colcon_core.package_identification:_identify(src) by extensions ['ignore', 'ignore_ament_install']
[0.583s] Level 1:colcon.colcon_core.package_identification:_identify(src) by extension 'ignore'
[0.584s] Level 1:colcon.colcon_core.package_identification:_identify(src) by extension 'ignore_ament_install'
[0.584s] Level 1:colcon.colcon_core.package_identification:_identify(src) by extensions ['colcon_pkg']
[0.584s] Level 1:colcon.colcon_core.package_identification:_identify(src) by extension 'colcon_pkg'
[0.584s] Level 1:colcon.colcon_core.package_identification:_identify(src) by extensions ['colcon_meta']
[0.584s] Level 1:colcon.colcon_core.package_identification:_identify(src) by extension 'colcon_meta'
[0.584s] Level 1:colcon.colcon_core.package_identification:_identify(src) by extensions ['ros']
[0.584s] Level 1:colcon.colcon_core.package_identification:_identify(src) by extension 'ros'
[0.584s] Level 1:colcon.colcon_core.package_identification:_identify(src) by extensions ['cmake', 'python']
[0.584s] Level 1:colcon.colcon_core.package_identification:_identify(src) by extension 'cmake'
[0.584s] Level 1:colcon.colcon_core.package_identification:_identify(src) by extension 'python'
[0.584s] Level 1:colcon.colcon_core.package_identification:_identify(src) by extensions ['python_setup_py']
[0.584s] Level 1:colcon.colcon_core.package_identification:_identify(src) by extension 'python_setup_py'
[0.584s] Level 1:colcon.colcon_core.package_identification:_identify(src/image_publisher_subscriber) by extensions ['ignore', 'ignore_ament_install']
[0.584s] Level 1:colcon.colcon_core.package_identification:_identify(src/image_publisher_subscriber) by extension 'ignore'
[0.584s] Level 1:colcon.colcon_core.package_identification:_identify(src/image_publisher_subscriber) by extension 'ignore_ament_install'
[0.584s] Level 1:colcon.colcon_core.package_identification:_identify(src/image_publisher_subscriber) by extensions ['colcon_pkg']
[0.584s] Level 1:colcon.colcon_core.package_identification:_identify(src/image_publisher_subscriber) by extension 'colcon_pkg'
[0.585s] Level 1:colcon.colcon_core.package_identification:_identify(src/image_publisher_subscriber) by extensions ['colcon_meta']
[0.585s] Level 1:colcon.colcon_core.package_identification:_identify(src/image_publisher_subscriber) by extension 'colcon_meta'
[0.585s] Level 1:colcon.colcon_core.package_identification:_identify(src/image_publisher_subscriber) by extensions ['ros']
[0.585s] Level 1:colcon.colcon_core.package_identification:_identify(src/image_publisher_subscriber) by extension 'ros'
[0.588s] DEBUG:colcon.colcon_core.package_identification:Package 'src/image_publisher_subscriber' with type 'ros.ament_cmake' and name 'image_publisher_subscriber'
[0.588s] Level 1:colcon.colcon_core.package_discovery:discover_packages(recursive) using defaults
[0.588s] Level 1:colcon.colcon_core.package_discovery:discover_packages(ignore) discover
[0.588s] Level 1:colcon.colcon_core.package_discovery:discover_packages(ignore) using defaults
[0.588s] Level 1:colcon.colcon_core.package_discovery:discover_packages(path) discover
[0.588s] Level 1:colcon.colcon_core.package_discovery:discover_packages(path) using defaults
[0.611s] Level 5:colcon.colcon_core.verb:set package 'image_publisher_subscriber' build argument 'cmake_args' from command line to 'None'
[0.611s] Level 5:colcon.colcon_core.verb:set package 'image_publisher_subscriber' build argument 'cmake_target' from command line to 'None'
[0.611s] Level 5:colcon.colcon_core.verb:set package 'image_publisher_subscriber' build argument 'cmake_target_skip_unavailable' from command line to 'False'
[0.611s] Level 5:colcon.colcon_core.verb:set package 'image_publisher_subscriber' build argument 'cmake_clean_cache' from command line to 'False'
[0.611s] Level 5:colcon.colcon_core.verb:set package 'image_publisher_subscriber' build argument 'cmake_clean_first' from command line to 'False'
[0.611s] Level 5:colcon.colcon_core.verb:set package 'image_publisher_subscriber' build argument 'cmake_force_configure' from command line to 'False'
[0.611s] Level 5:colcon.colcon_core.verb:set package 'image_publisher_subscriber' build argument 'ament_cmake_args' from command line to 'None'
[0.611s] Level 5:colcon.colcon_core.verb:set package 'image_publisher_subscriber' build argument 'catkin_cmake_args' from command line to 'None'
[0.611s] Level 5:colcon.colcon_core.verb:set package 'image_publisher_subscriber' build argument 'catkin_skip_building_tests' from command line to 'False'
[0.611s] DEBUG:colcon.colcon_core.verb:Building package 'image_publisher_subscriber' with the following arguments: {'ament_cmake_args': None, 'build_base': '/root/Image_transport/build/image_publisher_subscriber', 'catkin_cmake_args': None, 'catkin_skip_building_tests': False, 'cmake_args': None, 'cmake_clean_cache': False, 'cmake_clean_first': False, 'cmake_force_configure': False, 'cmake_target': None, 'cmake_target_skip_unavailable': False, 'install_base': '/root/Image_transport/install/image_publisher_subscriber', 'merge_install': False, 'path': '/root/Image_transport/src/image_publisher_subscriber', 'symlink_install': False, 'test_result_base': None}
[0.611s] INFO:colcon.colcon_core.executor:Executing jobs using 'parallel' executor
[0.613s] DEBUG:colcon.colcon_parallel_executor.executor.parallel:run_until_complete
[0.613s] INFO:colcon.colcon_ros.task.ament_cmake.build:Building ROS package in '/root/Image_transport/src/image_publisher_subscriber' with build type 'ament_cmake'
[0.613s] INFO:colcon.colcon_cmake.task.cmake.build:Building CMake package in '/root/Image_transport/src/image_publisher_subscriber'
[0.617s] INFO:colcon.colcon_core.plugin_system:Skipping extension 'colcon_core.shell.bat': Not used on non-Windows systems
[0.617s] INFO:colcon.colcon_core.shell:Skip shell extension 'powershell' for command environment: Not usable outside of PowerShell
[0.617s] DEBUG:colcon.colcon_core.shell:Skip shell extension 'dsv' for command environment
[0.643s] DEBUG:colcon.colcon_core.event_handler.log_command:Invoking command in '/root/Image_transport/build/image_publisher_subscriber': CMAKE_PREFIX_PATH=${CMAKE_PREFIX_PATH}:/opt/ros/foxy /usr/bin/cmake /root/Image_transport/src/image_publisher_subscriber -DCMAKE_INSTALL_PREFIX=/root/Image_transport/install/image_publisher_subscriber
[4.846s] DEBUG:colcon.colcon_core.event_handler.log_command:Invoked command in '/root/Image_transport/build/image_publisher_subscriber' returned '0': CMAKE_PREFIX_PATH=${CMAKE_PREFIX_PATH}:/opt/ros/foxy /usr/bin/cmake /root/Image_transport/src/image_publisher_subscriber -DCMAKE_INSTALL_PREFIX=/root/Image_transport/install/image_publisher_subscriber
[4.854s] DEBUG:colcon.colcon_core.event_handler.log_command:Invoking command in '/root/Image_transport/build/image_publisher_subscriber': CMAKE_PREFIX_PATH=${CMAKE_PREFIX_PATH}:/opt/ros/foxy /usr/bin/cmake --build /root/Image_transport/build/image_publisher_subscriber -- -j8 -l8
[14.700s] DEBUG:colcon.colcon_core.event_handler.log_command:Invoked command in '/root/Image_transport/build/image_publisher_subscriber' returned '0': CMAKE_PREFIX_PATH=${CMAKE_PREFIX_PATH}:/opt/ros/foxy /usr/bin/cmake --build /root/Image_transport/build/image_publisher_subscriber -- -j8 -l8
[14.848s] DEBUG:colcon.colcon_core.event_handler.log_command:Invoking command in '/root/Image_transport/build/image_publisher_subscriber': CMAKE_PREFIX_PATH=${CMAKE_PREFIX_PATH}:/opt/ros/foxy /usr/bin/cmake --install /root/Image_transport/build/image_publisher_subscriber
[14.893s] Level 1:colcon.colcon_core.environment:create_environment_scripts_only(image_publisher_subscriber)
[14.895s] DEBUG:colcon.colcon_core.event_handler.log_command:Invoked command in '/root/Image_transport/build/image_publisher_subscriber' returned '0': CMAKE_PREFIX_PATH=${CMAKE_PREFIX_PATH}:/opt/ros/foxy /usr/bin/cmake --install /root/Image_transport/build/image_publisher_subscriber
[14.903s] Level 1:colcon.colcon_core.environment:checking '/root/Image_transport/install/image_publisher_subscriber' for CMake module files
[14.906s] Level 1:colcon.colcon_core.environment:checking '/root/Image_transport/install/image_publisher_subscriber' for CMake config files
[14.906s] Level 1:colcon.colcon_core.shell:create_environment_hook('image_publisher_subscriber', 'cmake_prefix_path')
[14.908s] INFO:colcon.colcon_core.shell:Creating environment hook '/root/Image_transport/install/image_publisher_subscriber/share/image_publisher_subscriber/hook/cmake_prefix_path.ps1'
[14.911s] INFO:colcon.colcon_core.shell:Creating environment descriptor '/root/Image_transport/install/image_publisher_subscriber/share/image_publisher_subscriber/hook/cmake_prefix_path.dsv'
[14.914s] INFO:colcon.colcon_core.shell:Creating environment hook '/root/Image_transport/install/image_publisher_subscriber/share/image_publisher_subscriber/hook/cmake_prefix_path.sh'
[14.917s] Level 1:colcon.colcon_core.environment:checking '/root/Image_transport/install/image_publisher_subscriber/lib'
[14.918s] Level 1:colcon.colcon_core.environment:checking '/root/Image_transport/install/image_publisher_subscriber/bin'
[14.918s] Level 1:colcon.colcon_core.environment:checking '/root/Image_transport/install/image_publisher_subscriber/lib/pkgconfig/image_publisher_subscriber.pc'
[14.921s] Level 1:colcon.colcon_core.environment:checking '/root/Image_transport/install/image_publisher_subscriber/lib/python3.8/site-packages'
[14.922s] Level 1:colcon.colcon_core.environment:checking '/root/Image_transport/install/image_publisher_subscriber/bin'
[14.924s] INFO:colcon.colcon_core.shell:Creating package script '/root/Image_transport/install/image_publisher_subscriber/share/image_publisher_subscriber/package.ps1'
[14.925s] INFO:colcon.colcon_core.shell:Creating package descriptor '/root/Image_transport/install/image_publisher_subscriber/share/image_publisher_subscriber/package.dsv'
[14.927s] INFO:colcon.colcon_core.shell:Creating package script '/root/Image_transport/install/image_publisher_subscriber/share/image_publisher_subscriber/package.sh'
[14.929s] INFO:colcon.colcon_core.shell:Creating package script '/root/Image_transport/install/image_publisher_subscriber/share/image_publisher_subscriber/package.bash'
[14.931s] INFO:colcon.colcon_core.shell:Creating package script '/root/Image_transport/install/image_publisher_subscriber/share/image_publisher_subscriber/package.zsh'
[14.933s] Level 1:colcon.colcon_core.environment:create_file_with_runtime_dependencies(/root/Image_transport/install/image_publisher_subscriber/share/colcon-core/packages/image_publisher_subscriber)
[15.031s] Level 1:colcon.colcon_core.environment:create_environment_scripts_only(image_publisher_subscriber)
[15.032s] Level 1:colcon.colcon_core.environment:checking '/root/Image_transport/install/image_publisher_subscriber' for CMake module files
[15.035s] Level 1:colcon.colcon_core.environment:checking '/root/Image_transport/install/image_publisher_subscriber' for CMake config files
[15.036s] Level 1:colcon.colcon_core.shell:create_environment_hook('image_publisher_subscriber', 'cmake_prefix_path')
[15.037s] INFO:colcon.colcon_core.shell:Creating environment hook '/root/Image_transport/install/image_publisher_subscriber/share/image_publisher_subscriber/hook/cmake_prefix_path.ps1'
[15.040s] INFO:colcon.colcon_core.shell:Creating environment descriptor '/root/Image_transport/install/image_publisher_subscriber/share/image_publisher_subscriber/hook/cmake_prefix_path.dsv'
[15.043s] INFO:colcon.colcon_core.shell:Creating environment hook '/root/Image_transport/install/image_publisher_subscriber/share/image_publisher_subscriber/hook/cmake_prefix_path.sh'
[15.046s] Level 1:colcon.colcon_core.environment:checking '/root/Image_transport/install/image_publisher_subscriber/lib'
[15.046s] Level 1:colcon.colcon_core.environment:checking '/root/Image_transport/install/image_publisher_subscriber/bin'
[15.046s] Level 1:colcon.colcon_core.environment:checking '/root/Image_transport/install/image_publisher_subscriber/lib/pkgconfig/image_publisher_subscriber.pc'
[15.048s] Level 1:colcon.colcon_core.environment:checking '/root/Image_transport/install/image_publisher_subscriber/lib/python3.8/site-packages'
[15.049s] Level 1:colcon.colcon_core.environment:checking '/root/Image_transport/install/image_publisher_subscriber/bin'
[15.050s] INFO:colcon.colcon_core.shell:Creating package script '/root/Image_transport/install/image_publisher_subscriber/share/image_publisher_subscriber/package.ps1'
[15.053s] INFO:colcon.colcon_core.shell:Creating package descriptor '/root/Image_transport/install/image_publisher_subscriber/share/image_publisher_subscriber/package.dsv'
[15.055s] INFO:colcon.colcon_core.shell:Creating package script '/root/Image_transport/install/image_publisher_subscriber/share/image_publisher_subscriber/package.sh'
[15.057s] INFO:colcon.colcon_core.shell:Creating package script '/root/Image_transport/install/image_publisher_subscriber/share/image_publisher_subscriber/package.bash'
[15.059s] INFO:colcon.colcon_core.shell:Creating package script '/root/Image_transport/install/image_publisher_subscriber/share/image_publisher_subscriber/package.zsh'
[15.062s] Level 1:colcon.colcon_core.environment:create_file_with_runtime_dependencies(/root/Image_transport/install/image_publisher_subscriber/share/colcon-core/packages/image_publisher_subscriber)
[15.063s] DEBUG:colcon.colcon_parallel_executor.executor.parallel:closing loop
[15.065s] DEBUG:colcon.colcon_parallel_executor.executor.parallel:loop closed
[15.065s] DEBUG:colcon.colcon_parallel_executor.executor.parallel:run_until_complete finished with '0'
[15.065s] DEBUG:colcon.colcon_core.event_reactor:joining thread
[15.095s] INFO:colcon.colcon_core.plugin_system:Skipping extension 'colcon_notification.desktop_notification.notify_send': Could not find 'notify-send'
[15.095s] INFO:colcon.colcon_core.plugin_system:Skipping extension 'colcon_notification.desktop_notification.terminal_notifier': Not used on non-Darwin systems
[15.096s] INFO:colcon.colcon_core.plugin_system:Skipping extension 'colcon_notification.desktop_notification.win32': Not used on non-Windows systems
[15.096s] INFO:colcon.colcon_notification.desktop_notification:Sending desktop notification using 'notify2'
[15.096s] DEBUG:colcon.colcon_notification.desktop_notification.notify2:Failed to initialize notify2: org.freedesktop.DBus.Error.NotSupported: Unable to autolaunch a dbus-daemon without a $DISPLAY for X11
[15.097s] DEBUG:colcon.colcon_core.event_reactor:joined thread
[15.098s] INFO:colcon.colcon_core.shell:Creating prefix script '/root/Image_transport/install/local_setup.ps1'
[15.103s] INFO:colcon.colcon_core.shell:Creating prefix util module '/root/Image_transport/install/_local_setup_util_ps1.py'
[15.113s] INFO:colcon.colcon_core.shell:Creating prefix chain script '/root/Image_transport/install/setup.ps1'
[15.118s] INFO:colcon.colcon_core.shell:Creating prefix script '/root/Image_transport/install/local_setup.sh'
[15.121s] INFO:colcon.colcon_core.shell:Creating prefix util module '/root/Image_transport/install/_local_setup_util_sh.py'
[15.122s] INFO:colcon.colcon_core.shell:Creating prefix chain script '/root/Image_transport/install/setup.sh'
[15.126s] INFO:colcon.colcon_core.shell:Creating prefix script '/root/Image_transport/install/local_setup.bash'
[15.128s] INFO:colcon.colcon_core.shell:Creating prefix chain script '/root/Image_transport/install/setup.bash'
[15.130s] INFO:colcon.colcon_core.shell:Creating prefix script '/root/Image_transport/install/local_setup.zsh'
[15.132s] INFO:colcon.colcon_core.shell:Creating prefix chain script '/root/Image_transport/install/setup.zsh'
